# JRE version: OpenJDK Runtime Environment (11.0.15) (build 11.0.15+0-b2043.56-9505619)
# Java VM: OpenJDK 64-Bit Server VM (11.0.15+0-b2043.56-9505619, mixed mode, tiered, compressed oops, g1 gc, windows-amd64)
Heap:
 garbage-first heap   total 459776K, used 365172K [0x0000000080000000, 0x0000000100000000)
  region size 1024K, 37 young (37888K), 7 survivors (7168K)
 Metaspace       used 164709K, capacity 170055K, committed 170288K, reserved 1198080K
  class space    used 20181K, capacity 22114K, committed 22144K, reserved 1048576K
GC Heap History (20 events):
Event: 1617.819 GC heap before
{Heap before GC invocations=154 (full 0):
 garbage-first heap   total 391168K, used 344610K [0x0000000080000000, 0x0000000100000000)
  region size 1024K, 27 young (27648K), 4 survivors (4096K)
 Metaspace       used 164328K, capacity 169701K, committed 169776K, reserved 1198080K
  class space    used 20156K, capacity 22092K, committed 22144K, reserved 1048576K
}
Event: 1617.827 GC heap after
{Heap after GC invocations=155 (full 0):
 garbage-first heap   total 391168K, used 318623K [0x0000000080000000, 0x0000000100000000)
  region size 1024K, 1 young (1024K), 1 survivors (1024K)
 Metaspace       used 164328K, capacity 169701K, committed 169776K, reserved 1198080K
  class space    used 20156K, capacity 22092K, committed 22144K, reserved 1048576K
}
Event: 1618.628 GC heap before
{Heap before GC invocations=155 (full 0):
 garbage-first heap   total 391168K, used 344223K [0x0000000080000000, 0x0000000100000000)
  region size 1024K, 26 young (26624K), 1 survivors (1024K)
 Metaspace       used 164488K, capacity 169880K, committed 170032K, reserved 1198080K
  class space    used 20167K, capacity 22105K, committed 22144K, reserved 1048576K
}
Event: 1618.634 GC heap after
{Heap after GC invocations=156 (full 0):
 garbage-first heap   total 391168K, used 318472K [0x0000000080000000, 0x0000000100000000)
  region size 1024K, 1 young (1024K), 1 survivors (1024K)
 Metaspace       used 164488K, capacity 169880K, committed 170032K, reserved 1198080K
  class space    used 20167K, capacity 22105K, committed 22144K, reserved 1048576K
}
Event: 1619.385 GC heap before
{Heap before GC invocations=156 (full 0):
 garbage-first heap   total 391168K, used 344072K [0x0000000080000000, 0x0000000100000000)
  region size 1024K, 26 young (26624K), 1 survivors (1024K)
 Metaspace       used 164577K, capacity 169977K, committed 170032K, reserved 1198080K
  class space    used 20179K, capacity 22113K, committed 22144K, reserved 1048576K
}
Event: 1619.390 GC heap after
{Heap after GC invocations=157 (full 0):
 garbage-first heap   total 391168K, used 318540K [0x0000000080000000, 0x0000000100000000)
  region size 1024K, 1 young (1024K), 1 survivors (1024K)
 Metaspace       used 164577K, capacity 169977K, committed 170032K, reserved 1198080K
  class space    used 20179K, capacity 22113K, committed 22144K, reserved 1048576K
}
Event: 1619.632 GC heap before
{Heap before GC invocations=157 (full 0):
 garbage-first heap   total 391168K, used 344140K [0x0000000080000000, 0x0000000100000000)
  region size 1024K, 27 young (27648K), 1 survivors (1024K)
 Metaspace       used 164604K, capacity 169980K, committed 170032K, reserved 1198080K
  class space    used 20179K, capacity 22113K, committed 22144K, reserved 1048576K
}
Event: 1619.653 GC heap after
{Heap after GC invocations=158 (full 0):
 garbage-first heap   total 391168K, used 323167K [0x0000000080000000, 0x0000000100000000)
  region size 1024K, 4 young (4096K), 4 survivors (4096K)
 Metaspace       used 164604K, capacity 169980K, committed 170032K, reserved 1198080K
  class space    used 20179K, capacity 22113K, committed 22144K, reserved 1048576K
}
Event: 1619.899 GC heap before
{Heap before GC invocations=158 (full 0):
 garbage-first heap   total 391168K, used 344671K [0x0000000080000000, 0x0000000100000000)
  region size 1024K, 25 young (25600K), 4 survivors (4096K)
 Metaspace       used 164620K, capacity 169984K, committed 170032K, reserved 1198080K
  class space    used 20179K, capacity 22113K, committed 22144K, reserved 1048576K
}
Event: 1619.922 GC heap after
{Heap after GC invocations=159 (full 0):
 garbage-first heap   total 391168K, used 324439K [0x0000000080000000, 0x0000000100000000)
  region size 1024K, 4 young (4096K), 4 survivors (4096K)
 Metaspace       used 164620K, capacity 169984K, committed 170032K, reserved 1198080K
  class space    used 20179K, capacity 22113K, committed 22144K, reserved 1048576K
}
Event: 1620.119 GC heap before
{Heap before GC invocations=159 (full 0):
 garbage-first heap   total 391168K, used 342871K [0x0000000080000000, 0x0000000100000000)
  region size 1024K, 22 young (22528K), 4 survivors (4096K)
 Metaspace       used 164645K, capacity 169987K, committed 170032K, reserved 1198080K
  class space    used 20180K, capacity 22114K, committed 22144K, reserved 1048576K
}
Event: 1620.137 GC heap after
{Heap after GC invocations=160 (full 0):
 garbage-first heap   total 391168K, used 325443K [0x0000000080000000, 0x0000000100000000)
  region size 1024K, 3 young (3072K), 3 survivors (3072K)
 Metaspace       used 164645K, capacity 169987K, committed 170032K, reserved 1198080K
  class space    used 20180K, capacity 22114K, committed 22144K, reserved 1048576K
}
Event: 1620.381 GC heap before
{Heap before GC invocations=160 (full 0):
 garbage-first heap   total 391168K, used 342851K [0x0000000080000000, 0x0000000100000000)
  region size 1024K, 20 young (20480K), 3 survivors (3072K)
 Metaspace       used 164652K, capacity 169988K, committed 170032K, reserved 1198080K
  class space    used 20180K, capacity 22114K, committed 22144K, reserved 1048576K
}
Event: 1620.399 GC heap after
{Heap after GC invocations=161 (full 0):
 garbage-first heap   total 391168K, used 327357K [0x0000000080000000, 0x0000000100000000)
  region size 1024K, 3 young (3072K), 3 survivors (3072K)
 Metaspace       used 164652K, capacity 169988K, committed 170032K, reserved 1198080K
  class space    used 20180K, capacity 22114K, committed 22144K, reserved 1048576K
}
Event: 1620.590 GC heap before
{Heap before GC invocations=161 (full 0):
 garbage-first heap   total 391168K, used 343741K [0x0000000080000000, 0x0000000100000000)
  region size 1024K, 19 young (19456K), 3 survivors (3072K)
 Metaspace       used 164662K, capacity 170053K, committed 170288K, reserved 1198080K
  class space    used 20180K, capacity 22114K, committed 22144K, reserved 1048576K
}
Event: 1620.601 GC heap after
{Heap after GC invocations=162 (full 0):
 garbage-first heap   total 391168K, used 328878K [0x0000000080000000, 0x0000000100000000)
  region size 1024K, 2 young (2048K), 2 survivors (2048K)
 Metaspace       used 164662K, capacity 170053K, committed 170288K, reserved 1198080K
  class space    used 20180K, capacity 22114K, committed 22144K, reserved 1048576K
}
Event: 1620.854 GC heap before
{Heap before GC invocations=162 (full 0):
 garbage-first heap   total 391168K, used 346286K [0x0000000080000000, 0x0000000100000000)
  region size 1024K, 19 young (19456K), 2 survivors (2048K)
 Metaspace       used 164670K, capacity 170054K, committed 170288K, reserved 1198080K
  class space    used 20180K, capacity 22114K, committed 22144K, reserved 1048576K
}
Event: 1620.921 GC heap after
{Heap after GC invocations=163 (full 0):
 garbage-first heap   total 459776K, used 331528K [0x0000000080000000, 0x0000000100000000)
  region size 1024K, 3 young (3072K), 3 survivors (3072K)
 Metaspace       used 164670K, capacity 170054K, committed 170288K, reserved 1198080K
  class space    used 20180K, capacity 22114K, committed 22144K, reserved 1048576K
}
Event: 1622.174 GC heap before
{Heap before GC invocations=163 (full 0):
 garbage-first heap   total 459776K, used 378632K [0x0000000080000000, 0x0000000100000000)
  region size 1024K, 49 young (50176K), 3 survivors (3072K)
 Metaspace       used 164704K, capacity 170055K, committed 170288K, reserved 1198080K
  class space    used 20181K, capacity 22114K, committed 22144K, reserved 1048576K
}
Event: 1622.208 GC heap after
{Heap after GC invocations=164 (full 0):
 garbage-first heap   total 459776K, used 335476K [0x0000000080000000, 0x0000000100000000)
  region size 1024K, 7 young (7168K), 7 survivors (7168K)
 Metaspace       used 164704K, capacity 170055K, committed 170288K, reserved 1198080K
  class space    used 20181K, capacity 22114K, committed 22144K, reserved 1048576K
}

