# JRE version: OpenJDK Runtime Environment (11.0.15) (build 11.0.15+0-b2043.56-9505619)
# Java VM: OpenJDK 64-Bit Server VM (11.0.15+0-b2043.56-9505619, mixed mode, tiered, compressed oops, g1 gc, windows-amd64)
Heap:
 garbage-first heap   total 69632K, used 63617K [0x0000000080000000, 0x0000000100000000)
  region size 1024K, 3 young (3072K), 1 survivors (1024K)
 Metaspace       used 40714K, capacity 41805K, committed 41904K, reserved 1085440K
  class space    used 5227K, capacity 5629K, committed 5632K, reserved 1048576K
GC Heap History (20 events):
Event: 338.652 GC heap before
{Heap before GC invocations=84 (full 0):
 garbage-first heap   total 69632K, used 60351K [0x0000000080000000, 0x0000000100000000)
  region size 1024K, 3 young (3072K), 1 survivors (1024K)
 Metaspace       used 40380K, capacity 41486K, committed 41648K, reserved 1085440K
  class space    used 5205K, capacity 5612K, committed 5632K, reserved 1048576K
}
Event: 338.673 GC heap after
{Heap after GC invocations=85 (full 0):
 garbage-first heap   total 69632K, used 59776K [0x0000000080000000, 0x0000000100000000)
  region size 1024K, 1 young (1024K), 1 survivors (1024K)
 Metaspace       used 40380K, capacity 41486K, committed 41648K, reserved 1085440K
  class space    used 5205K, capacity 5612K, committed 5632K, reserved 1048576K
}
Event: 341.289 GC heap before
{Heap before GC invocations=85 (full 0):
 garbage-first heap   total 69632K, used 61824K [0x0000000080000000, 0x0000000100000000)
  region size 1024K, 3 young (3072K), 1 survivors (1024K)
 Metaspace       used 40623K, capacity 41726K, committed 41904K, reserved 1085440K
  class space    used 5225K, capacity 5628K, committed 5632K, reserved 1048576K
}
Event: 341.294 GC heap after
{Heap after GC invocations=86 (full 0):
 garbage-first heap   total 69632K, used 60461K [0x0000000080000000, 0x0000000100000000)
  region size 1024K, 1 young (1024K), 1 survivors (1024K)
 Metaspace       used 40623K, capacity 41726K, committed 41904K, reserved 1085440K
  class space    used 5225K, capacity 5628K, committed 5632K, reserved 1048576K
}
Event: 341.760 GC heap before
{Heap before GC invocations=87 (full 0):
 garbage-first heap   total 69632K, used 62509K [0x0000000080000000, 0x0000000100000000)
  region size 1024K, 3 young (3072K), 1 survivors (1024K)
 Metaspace       used 40662K, capacity 41791K, committed 41904K, reserved 1085440K
  class space    used 5225K, capacity 5628K, committed 5632K, reserved 1048576K
}
Event: 341.864 GC heap after
{Heap after GC invocations=88 (full 0):
 garbage-first heap   total 69632K, used 60653K [0x0000000080000000, 0x0000000100000000)
  region size 1024K, 1 young (1024K), 1 survivors (1024K)
 Metaspace       used 40662K, capacity 41791K, committed 41904K, reserved 1085440K
  class space    used 5225K, capacity 5628K, committed 5632K, reserved 1048576K
}
Event: 341.932 GC heap before
{Heap before GC invocations=88 (full 0):
 garbage-first heap   total 69632K, used 62701K [0x0000000080000000, 0x0000000100000000)
  region size 1024K, 3 young (3072K), 1 survivors (1024K)
 Metaspace       used 40666K, capacity 41793K, committed 41904K, reserved 1085440K
  class space    used 5225K, capacity 5628K, committed 5632K, reserved 1048576K
}
Event: 341.960 GC heap after
{Heap after GC invocations=89 (full 0):
 garbage-first heap   total 69632K, used 60881K [0x0000000080000000, 0x0000000100000000)
  region size 1024K, 1 young (1024K), 1 survivors (1024K)
 Metaspace       used 40666K, capacity 41793K, committed 41904K, reserved 1085440K
  class space    used 5225K, capacity 5628K, committed 5632K, reserved 1048576K
}
Event: 343.049 GC heap before
{Heap before GC invocations=90 (full 0):
 garbage-first heap   total 69632K, used 62929K [0x0000000080000000, 0x0000000100000000)
  region size 1024K, 3 young (3072K), 1 survivors (1024K)
 Metaspace       used 40667K, capacity 41793K, committed 41904K, reserved 1085440K
  class space    used 5225K, capacity 5628K, committed 5632K, reserved 1048576K
}
Event: 343.057 GC heap after
{Heap after GC invocations=91 (full 0):
 garbage-first heap   total 69632K, used 61079K [0x0000000080000000, 0x0000000100000000)
  region size 1024K, 1 young (1024K), 1 survivors (1024K)
 Metaspace       used 40667K, capacity 41793K, committed 41904K, reserved 1085440K
  class space    used 5225K, capacity 5628K, committed 5632K, reserved 1048576K
}
Event: 343.251 GC heap before
{Heap before GC invocations=91 (full 0):
 garbage-first heap   total 69632K, used 63127K [0x0000000080000000, 0x0000000100000000)
  region size 1024K, 3 young (3072K), 1 survivors (1024K)
 Metaspace       used 40668K, capacity 41793K, committed 41904K, reserved 1085440K
  class space    used 5225K, capacity 5628K, committed 5632K, reserved 1048576K
}
Event: 343.258 GC heap after
{Heap after GC invocations=92 (full 0):
 garbage-first heap   total 69632K, used 61396K [0x0000000080000000, 0x0000000100000000)
  region size 1024K, 1 young (1024K), 1 survivors (1024K)
 Metaspace       used 40668K, capacity 41793K, committed 41904K, reserved 1085440K
  class space    used 5225K, capacity 5628K, committed 5632K, reserved 1048576K
}
Event: 343.263 GC heap before
{Heap before GC invocations=92 (full 0):
 garbage-first heap   total 69632K, used 63444K [0x0000000080000000, 0x0000000100000000)
  region size 1024K, 3 young (3072K), 1 survivors (1024K)
 Metaspace       used 40668K, capacity 41793K, committed 41904K, reserved 1085440K
  class space    used 5225K, capacity 5628K, committed 5632K, reserved 1048576K
}
Event: 343.266 GC heap after
{Heap after GC invocations=93 (full 0):
 garbage-first heap   total 69632K, used 61687K [0x0000000080000000, 0x0000000100000000)
  region size 1024K, 1 young (1024K), 1 survivors (1024K)
 Metaspace       used 40668K, capacity 41793K, committed 41904K, reserved 1085440K
  class space    used 5225K, capacity 5628K, committed 5632K, reserved 1048576K
}
Event: 343.277 GC heap before
{Heap before GC invocations=93 (full 0):
 garbage-first heap   total 69632K, used 63735K [0x0000000080000000, 0x0000000100000000)
  region size 1024K, 3 young (3072K), 1 survivors (1024K)
 Metaspace       used 40668K, capacity 41793K, committed 41904K, reserved 1085440K
  class space    used 5225K, capacity 5628K, committed 5632K, reserved 1048576K
}
Event: 343.283 GC heap after
{Heap after GC invocations=94 (full 0):
 garbage-first heap   total 69632K, used 61874K [0x0000000080000000, 0x0000000100000000)
  region size 1024K, 1 young (1024K), 1 survivors (1024K)
 Metaspace       used 40668K, capacity 41793K, committed 41904K, reserved 1085440K
  class space    used 5225K, capacity 5628K, committed 5632K, reserved 1048576K
}
Event: 343.295 GC heap before
{Heap before GC invocations=94 (full 0):
 garbage-first heap   total 69632K, used 63922K [0x0000000080000000, 0x0000000100000000)
  region size 1024K, 3 young (3072K), 1 survivors (1024K)
 Metaspace       used 40670K, capacity 41793K, committed 41904K, reserved 1085440K
  class space    used 5225K, capacity 5628K, committed 5632K, reserved 1048576K
}
Event: 343.299 GC heap after
{Heap after GC invocations=95 (full 0):
 garbage-first heap   total 69632K, used 62119K [0x0000000080000000, 0x0000000100000000)
  region size 1024K, 1 young (1024K), 1 survivors (1024K)
 Metaspace       used 40670K, capacity 41793K, committed 41904K, reserved 1085440K
  class space    used 5225K, capacity 5628K, committed 5632K, reserved 1048576K
}
Event: 344.883 GC heap before
{Heap before GC invocations=96 (full 0):
 garbage-first heap   total 69632K, used 64167K [0x0000000080000000, 0x0000000100000000)
  region size 1024K, 3 young (3072K), 1 survivors (1024K)
 Metaspace       used 40684K, capacity 41801K, committed 41904K, reserved 1085440K
  class space    used 5225K, capacity 5628K, committed 5632K, reserved 1048576K
}
Event: 344.895 GC heap after
{Heap after GC invocations=97 (full 0):
 garbage-first heap   total 69632K, used 62593K [0x0000000080000000, 0x0000000100000000)
  region size 1024K, 1 young (1024K), 1 survivors (1024K)
 Metaspace       used 40684K, capacity 41801K, committed 41904K, reserved 1085440K
  class space    used 5225K, capacity 5628K, committed 5632K, reserved 1048576K
}

