# JRE version: Java(TM) SE Runtime Environment (17.0.6+9) (build 17.0.6+9-LTS-190)
# Java VM: Java HotSpot(TM) 64-Bit Server VM (17.0.6+9-LTS-190, mixed mode, sharing, tiered, compressed oops, compressed class ptrs, g1 gc, windows-amd64)
GC Precious Log:
 CPUs: 2 total, 2 available
 Memory: 3500M
 Large Page Support: Disabled
 NUMA Support: Disabled
 Compressed Oops: Enabled (32-bit)
 Heap Region Size: 1M
 Heap Min Capacity: 8M
 Heap Initial Capacity: 56M
 Heap Max Capacity: 2G
 Pre-touch: Disabled
 Parallel Workers: 2
 Concurrent Workers: 1
 Concurrent Refinement Workers: 2
 Periodic GC: Disabled
Heap:
 garbage-first heap   total 450560K, used 321243K [0x0000000080000000, 0x0000000100000000)
  region size 1024K, 2 young (2048K), 2 survivors (2048K)
 Metaspace       used 148450K, committed 149632K, reserved 1179648K
  class space    used 18989K, committed 19584K, reserved 1048576K
GC Heap History (20 events):
Event: 665.089 GC heap after
{Heap after GC invocations=120 (full 0):
 garbage-first heap   total 450560K, used 300246K [0x0000000080000000, 0x0000000100000000)
  region size 1024K, 4 young (4096K), 4 survivors (4096K)
 Metaspace       used 148396K, committed 149568K, reserved 1179648K
  class space    used 18989K, committed 19584K, reserved 1048576K
}
Event: 666.004 GC heap before
{Heap before GC invocations=120 (full 0):
 garbage-first heap   total 450560K, used 395478K [0x0000000080000000, 0x0000000100000000)
  region size 1024K, 97 young (99328K), 4 survivors (4096K)
 Metaspace       used 148398K, committed 149568K, reserved 1179648K
  class space    used 18989K, committed 19584K, reserved 1048576K
}
Event: 666.013 GC heap after
{Heap after GC invocations=121 (full 0):
 garbage-first heap   total 450560K, used 300496K [0x0000000080000000, 0x0000000100000000)
  region size 1024K, 4 young (4096K), 4 survivors (4096K)
 Metaspace       used 148398K, committed 149568K, reserved 1179648K
  class space    used 18989K, committed 19584K, reserved 1048576K
}
Event: 666.916 GC heap before
{Heap before GC invocations=121 (full 0):
 garbage-first heap   total 450560K, used 396752K [0x0000000080000000, 0x0000000100000000)
  region size 1024K, 98 young (100352K), 4 survivors (4096K)
 Metaspace       used 148401K, committed 149568K, reserved 1179648K
  class space    used 18989K, committed 19584K, reserved 1048576K
}
Event: 666.925 GC heap after
{Heap after GC invocations=122 (full 0):
 garbage-first heap   total 450560K, used 300758K [0x0000000080000000, 0x0000000100000000)
  region size 1024K, 4 young (4096K), 4 survivors (4096K)
 Metaspace       used 148401K, committed 149568K, reserved 1179648K
  class space    used 18989K, committed 19584K, reserved 1048576K
}
Event: 668.700 GC heap before
{Heap before GC invocations=122 (full 0):
 garbage-first heap   total 450560K, used 400086K [0x0000000080000000, 0x0000000100000000)
  region size 1024K, 100 young (102400K), 4 survivors (4096K)
 Metaspace       used 148405K, committed 149568K, reserved 1179648K
  class space    used 18989K, committed 19584K, reserved 1048576K
}
Event: 668.709 GC heap after
{Heap after GC invocations=123 (full 0):
 garbage-first heap   total 450560K, used 300467K [0x0000000080000000, 0x0000000100000000)
  region size 1024K, 4 young (4096K), 4 survivors (4096K)
 Metaspace       used 148405K, committed 149568K, reserved 1179648K
  class space    used 18989K, committed 19584K, reserved 1048576K
}
Event: 669.853 GC heap before
{Heap before GC invocations=123 (full 0):
 garbage-first heap   total 450560K, used 398771K [0x0000000080000000, 0x0000000100000000)
  region size 1024K, 100 young (102400K), 4 survivors (4096K)
 Metaspace       used 148413K, committed 149632K, reserved 1179648K
  class space    used 18989K, committed 19584K, reserved 1048576K
}
Event: 669.875 GC heap after
{Heap after GC invocations=124 (full 0):
 garbage-first heap   total 450560K, used 307926K [0x0000000080000000, 0x0000000100000000)
  region size 1024K, 11 young (11264K), 11 survivors (11264K)
 Metaspace       used 148413K, committed 149632K, reserved 1179648K
  class space    used 18989K, committed 19584K, reserved 1048576K
}
Event: 670.466 GC heap before
{Heap before GC invocations=124 (full 0):
 garbage-first heap   total 450560K, used 392918K [0x0000000080000000, 0x0000000100000000)
  region size 1024K, 94 young (96256K), 11 survivors (11264K)
 Metaspace       used 148418K, committed 149632K, reserved 1179648K
  class space    used 18989K, committed 19584K, reserved 1048576K
}
Event: 670.570 GC heap after
{Heap after GC invocations=125 (full 0):
 garbage-first heap   total 450560K, used 315211K [0x0000000080000000, 0x0000000100000000)
  region size 1024K, 11 young (11264K), 11 survivors (11264K)
 Metaspace       used 148418K, committed 149632K, reserved 1179648K
  class space    used 18989K, committed 19584K, reserved 1048576K
}
Event: 671.124 GC heap before
{Heap before GC invocations=125 (full 0):
 garbage-first heap   total 450560K, used 386891K [0x0000000080000000, 0x0000000100000000)
  region size 1024K, 81 young (82944K), 11 survivors (11264K)
 Metaspace       used 148424K, committed 149632K, reserved 1179648K
  class space    used 18989K, committed 19584K, reserved 1048576K
}
Event: 671.204 GC heap after
{Heap after GC invocations=126 (full 0):
 garbage-first heap   total 450560K, used 320238K [0x0000000080000000, 0x0000000100000000)
  region size 1024K, 5 young (5120K), 5 survivors (5120K)
 Metaspace       used 148424K, committed 149632K, reserved 1179648K
  class space    used 18989K, committed 19584K, reserved 1048576K
}
Event: 671.755 GC heap before
{Heap before GC invocations=126 (full 0):
 garbage-first heap   total 450560K, used 387822K [0x0000000080000000, 0x0000000100000000)
  region size 1024K, 72 young (73728K), 5 survivors (5120K)
 Metaspace       used 148428K, committed 149632K, reserved 1179648K
  class space    used 18989K, committed 19584K, reserved 1048576K
}
Event: 671.793 GC heap after
{Heap after GC invocations=127 (full 0):
 garbage-first heap   total 450560K, used 321024K [0x0000000080000000, 0x0000000100000000)
  region size 1024K, 1 young (1024K), 1 survivors (1024K)
 Metaspace       used 148428K, committed 149632K, reserved 1179648K
  class space    used 18989K, committed 19584K, reserved 1048576K
}
Event: 672.530 GC heap before
{Heap before GC invocations=127 (full 0):
 garbage-first heap   total 450560K, used 391680K [0x0000000080000000, 0x0000000100000000)
  region size 1024K, 70 young (71680K), 1 survivors (1024K)
 Metaspace       used 148437K, committed 149632K, reserved 1179648K
  class space    used 18989K, committed 19584K, reserved 1048576K
}
Event: 672.538 GC heap after
{Heap after GC invocations=128 (full 0):
 garbage-first heap   total 450560K, used 321056K [0x0000000080000000, 0x0000000100000000)
  region size 1024K, 2 young (2048K), 2 survivors (2048K)
 Metaspace       used 148437K, committed 149632K, reserved 1179648K
  class space    used 18989K, committed 19584K, reserved 1048576K
}
Event: 673.779 GC heap before
{Heap before GC invocations=128 (full 0):
 garbage-first heap   total 450560K, used 392736K [0x0000000080000000, 0x0000000100000000)
  region size 1024K, 72 young (73728K), 2 survivors (2048K)
 Metaspace       used 148447K, committed 149632K, reserved 1179648K
  class space    used 18989K, committed 19584K, reserved 1048576K
}
Event: 673.823 GC heap after
{Heap after GC invocations=129 (full 0):
 garbage-first heap   total 450560K, used 321002K [0x0000000080000000, 0x0000000100000000)
  region size 1024K, 1 young (1024K), 1 survivors (1024K)
 Metaspace       used 148447K, committed 149632K, reserved 1179648K
  class space    used 18989K, committed 19584K, reserved 1048576K
}
Event: 674.990 GC heap before
{Heap before GC invocations=129 (full 0):
 garbage-first heap   total 450560K, used 395754K [0x0000000080000000, 0x0000000100000000)
  region size 1024K, 74 young (75776K), 1 survivors (1024K)
 Metaspace       used 148450K, committed 149632K, reserved 1179648K
  class space    used 18989K, committed 19584K, reserved 1048576K
}

