# JRE version: OpenJDK Runtime Environment (11.0.15) (build 11.0.15+0-b2043.56-9505619)
# Java VM: OpenJDK 64-Bit Server VM (11.0.15+0-b2043.56-9505619, mixed mode, tiered, compressed oops, g1 gc, windows-amd64)
Heap:
 garbage-first heap   total 886784K, used 374808K [0x0000000080000000, 0x0000000100000000)
  region size 1024K, 4 young (4096K), 4 survivors (4096K)
 Metaspace       used 165399K, capacity 171329K, committed 171568K, reserved 1198080K
  class space    used 20361K, capacity 22371K, committed 22400K, reserved 1048576K
GC Heap History (20 events):
Event: 7629.692 GC heap after
{Heap after GC invocations=321 (full 0):
 garbage-first heap   total 583680K, used 271578K [0x0000000080000000, 0x0000000100000000)
  region size 1024K, 1 young (1024K), 1 survivors (1024K)
 Metaspace       used 165208K, capacity 171045K, committed 171312K, reserved 1198080K
  class space    used 20357K, capacity 22364K, committed 22400K, reserved 1048576K
}
Event: 7631.634 GC heap before
{Heap before GC invocations=321 (full 0):
 garbage-first heap   total 583680K, used 299226K [0x0000000080000000, 0x0000000100000000)
  region size 1024K, 28 young (28672K), 1 survivors (1024K)
 Metaspace       used 165294K, capacity 171109K, committed 171312K, reserved 1198080K
  class space    used 20357K, capacity 22364K, committed 22400K, reserved 1048576K
}
Event: 7631.656 GC heap after
{Heap after GC invocations=322 (full 0):
 garbage-first heap   total 583680K, used 269101K [0x0000000080000000, 0x0000000100000000)
  region size 1024K, 1 young (1024K), 1 survivors (1024K)
 Metaspace       used 165294K, capacity 171109K, committed 171312K, reserved 1198080K
  class space    used 20357K, capacity 22364K, committed 22400K, reserved 1048576K
}
Event: 7640.153 GC heap before
{Heap before GC invocations=322 (full 0):
 garbage-first heap   total 583680K, used 343853K [0x0000000080000000, 0x0000000100000000)
  region size 1024K, 75 young (76800K), 1 survivors (1024K)
 Metaspace       used 165369K, capacity 171315K, committed 171568K, reserved 1198080K
  class space    used 20359K, capacity 22367K, committed 22400K, reserved 1048576K
}
Event: 7640.167 GC heap after
{Heap after GC invocations=323 (full 0):
 garbage-first heap   total 583680K, used 270883K [0x0000000080000000, 0x0000000100000000)
  region size 1024K, 3 young (3072K), 3 survivors (3072K)
 Metaspace       used 165369K, capacity 171315K, committed 171568K, reserved 1198080K
  class space    used 20359K, capacity 22367K, committed 22400K, reserved 1048576K
}
Event: 7642.919 GC heap before
{Heap before GC invocations=324 (full 0):
 garbage-first heap   total 583680K, used 380451K [0x0000000080000000, 0x0000000100000000)
  region size 1024K, 83 young (84992K), 3 survivors (3072K)
 Metaspace       used 165390K, capacity 171327K, committed 171568K, reserved 1198080K
  class space    used 20361K, capacity 22371K, committed 22400K, reserved 1048576K
}
Event: 7644.066 GC heap after
{Heap after GC invocations=325 (full 0):
 garbage-first heap   total 583680K, used 307848K [0x0000000080000000, 0x0000000100000000)
  region size 1024K, 11 young (11264K), 11 survivors (11264K)
 Metaspace       used 165390K, capacity 171327K, committed 171568K, reserved 1198080K
  class space    used 20361K, capacity 22371K, committed 22400K, reserved 1048576K
}
Event: 7644.414 GC heap before
{Heap before GC invocations=325 (full 0):
 garbage-first heap   total 583680K, used 326280K [0x0000000080000000, 0x0000000100000000)
  region size 1024K, 28 young (28672K), 11 survivors (11264K)
 Metaspace       used 165390K, capacity 171327K, committed 171568K, reserved 1198080K
  class space    used 20361K, capacity 22371K, committed 22400K, reserved 1048576K
}
Event: 7644.502 GC heap after
{Heap after GC invocations=326 (full 0):
 garbage-first heap   total 583680K, used 306041K [0x0000000080000000, 0x0000000100000000)
  region size 1024K, 4 young (4096K), 4 survivors (4096K)
 Metaspace       used 165390K, capacity 171327K, committed 171568K, reserved 1198080K
  class space    used 20361K, capacity 22371K, committed 22400K, reserved 1048576K
}
Event: 7645.852 GC heap before
{Heap before GC invocations=326 (full 0):
 garbage-first heap   total 583680K, used 329593K [0x0000000080000000, 0x0000000100000000)
  region size 1024K, 28 young (28672K), 4 survivors (4096K)
 Metaspace       used 165392K, capacity 171328K, committed 171568K, reserved 1198080K
  class space    used 20361K, capacity 22371K, committed 22400K, reserved 1048576K
}
Event: 7645.940 GC heap after
{Heap after GC invocations=327 (full 0):
 garbage-first heap   total 583680K, used 318464K [0x0000000080000000, 0x0000000100000000)
  region size 1024K, 4 young (4096K), 4 survivors (4096K)
 Metaspace       used 165392K, capacity 171328K, committed 171568K, reserved 1198080K
  class space    used 20361K, capacity 22371K, committed 22400K, reserved 1048576K
}
Event: 7647.658 GC heap before
{Heap before GC invocations=328 (full 0):
 garbage-first heap   total 583680K, used 342016K [0x0000000080000000, 0x0000000100000000)
  region size 1024K, 28 young (28672K), 4 survivors (4096K)
 Metaspace       used 165393K, capacity 171328K, committed 171568K, reserved 1198080K
  class space    used 20361K, capacity 22371K, committed 22400K, reserved 1048576K
}
Event: 7647.790 GC heap after
{Heap after GC invocations=329 (full 0):
 garbage-first heap   total 583680K, used 331264K [0x0000000080000000, 0x0000000100000000)
  region size 1024K, 4 young (4096K), 4 survivors (4096K)
 Metaspace       used 165393K, capacity 171328K, committed 171568K, reserved 1198080K
  class space    used 20361K, capacity 22371K, committed 22400K, reserved 1048576K
}
Event: 7648.000 GC heap before
{Heap before GC invocations=329 (full 0):
 garbage-first heap   total 583680K, used 355840K [0x0000000080000000, 0x0000000100000000)
  region size 1024K, 28 young (28672K), 4 survivors (4096K)
 Metaspace       used 165394K, capacity 171328K, committed 171568K, reserved 1198080K
  class space    used 20361K, capacity 22371K, committed 22400K, reserved 1048576K
}
Event: 7648.117 GC heap after
{Heap after GC invocations=330 (full 0):
 garbage-first heap   total 583680K, used 342016K [0x0000000080000000, 0x0000000100000000)
  region size 1024K, 4 young (4096K), 4 survivors (4096K)
 Metaspace       used 165394K, capacity 171328K, committed 171568K, reserved 1198080K
  class space    used 20361K, capacity 22371K, committed 22400K, reserved 1048576K
}
Event: 7648.692 GC heap before
{Heap before GC invocations=330 (full 0):
 garbage-first heap   total 583680K, used 366592K [0x0000000080000000, 0x0000000100000000)
  region size 1024K, 28 young (28672K), 4 survivors (4096K)
 Metaspace       used 165394K, capacity 171328K, committed 171568K, reserved 1198080K
  class space    used 20361K, capacity 22371K, committed 22400K, reserved 1048576K
}
Event: 7648.785 GC heap after
{Heap after GC invocations=331 (full 0):
 garbage-first heap   total 583680K, used 355328K [0x0000000080000000, 0x0000000100000000)
  region size 1024K, 4 young (4096K), 4 survivors (4096K)
 Metaspace       used 165394K, capacity 171328K, committed 171568K, reserved 1198080K
  class space    used 20361K, capacity 22371K, committed 22400K, reserved 1048576K
}
Event: 7649.971 GC heap before
{Heap before GC invocations=332 (full 0):
 garbage-first heap   total 583680K, used 384000K [0x0000000080000000, 0x0000000100000000)
  region size 1024K, 32 young (32768K), 4 survivors (4096K)
 Metaspace       used 165395K, capacity 171328K, committed 171568K, reserved 1198080K
  class space    used 20361K, capacity 22371K, committed 22400K, reserved 1048576K
}
Event: 7650.110 GC heap after
{Heap after GC invocations=333 (full 0):
 garbage-first heap   total 583680K, used 371200K [0x0000000080000000, 0x0000000100000000)
  region size 1024K, 4 young (4096K), 4 survivors (4096K)
 Metaspace       used 165395K, capacity 171328K, committed 171568K, reserved 1198080K
  class space    used 20361K, capacity 22371K, committed 22400K, reserved 1048576K
}
Event: 7650.628 GC heap before
{Heap before GC invocations=333 (full 0):
 garbage-first heap   total 583680K, used 394752K [0x0000000080000000, 0x0000000100000000)
  region size 1024K, 28 young (28672K), 4 survivors (4096K)
 Metaspace       used 165399K, capacity 171329K, committed 171568K, reserved 1198080K
  class space    used 20361K, capacity 22371K, committed 22400K, reserved 1048576K
}

