# JRE version: OpenJDK Runtime Environment Zulu17.42+19-CA (17.0.7+7) (build 17.0.7+7-LTS)
# Java VM: OpenJDK 64-Bit Server VM Zulu17.42+19-CA (17.0.7+7-LTS, mixed mode, sharing, tiered, compressed oops, compressed class ptrs, g1 gc, windows-amd64)
GC Precious Log:
 CPUs: 2 total, 2 available
 Memory: 3500M
 Large Page Support: Disabled
 NUMA Support: Disabled
 Compressed Oops: Enabled (32-bit)
 Heap Region Size: 1M
 Heap Min Capacity: 8M
 Heap Initial Capacity: 56M
 Heap Max Capacity: 876M
 Pre-touch: Disabled
 Parallel Workers: 2
 Concurrent Workers: 1
 Concurrent Refinement Workers: 2
 Periodic GC: Disabled
Heap:
 garbage-first heap   total 87040K, used 55493K [0x00000000c9400000, 0x0000000100000000)
  region size 1024K, 3 young (3072K), 3 survivors (3072K)
 Metaspace       used 54248K, committed 54528K, reserved 1114112K
  class space    used 6571K, committed 6720K, reserved 1048576K
GC Heap History (20 events):
Event: 13.472 GC heap after
{Heap after GC invocations=18 (full 0):
 garbage-first heap   total 69632K, used 41258K [0x00000000c9400000, 0x0000000100000000)
  region size 1024K, 2 young (2048K), 2 survivors (2048K)
 Metaspace       used 47047K, committed 47296K, reserved 1114112K
  class space    used 5719K, committed 5824K, reserved 1048576K
}
Event: 13.713 GC heap before
{Heap before GC invocations=19 (full 0):
 garbage-first heap   total 70656K, used 54570K [0x00000000c9400000, 0x0000000100000000)
  region size 1024K, 15 young (15360K), 2 survivors (2048K)
 Metaspace       used 47070K, committed 47360K, reserved 1114112K
  class space    used 5719K, committed 5824K, reserved 1048576K
}
Event: 13.720 GC heap after
{Heap after GC invocations=20 (full 0):
 garbage-first heap   total 70656K, used 44987K [0x00000000c9400000, 0x0000000100000000)
  region size 1024K, 2 young (2048K), 2 survivors (2048K)
 Metaspace       used 47070K, committed 47360K, reserved 1114112K
  class space    used 5719K, committed 5824K, reserved 1048576K
}
Event: 13.812 GC heap before
{Heap before GC invocations=20 (full 0):
 garbage-first heap   total 70656K, used 56251K [0x00000000c9400000, 0x0000000100000000)
  region size 1024K, 13 young (13312K), 2 survivors (2048K)
 Metaspace       used 47081K, committed 47360K, reserved 1114112K
  class space    used 5719K, committed 5824K, reserved 1048576K
}
Event: 13.816 GC heap after
{Heap after GC invocations=21 (full 0):
 garbage-first heap   total 70656K, used 44183K [0x00000000c9400000, 0x0000000100000000)
  region size 1024K, 1 young (1024K), 1 survivors (1024K)
 Metaspace       used 47081K, committed 47360K, reserved 1114112K
  class space    used 5719K, committed 5824K, reserved 1048576K
}
Event: 14.632 GC heap before
{Heap before GC invocations=22 (full 0):
 garbage-first heap   total 76800K, used 55447K [0x00000000c9400000, 0x0000000100000000)
  region size 1024K, 13 young (13312K), 1 survivors (1024K)
 Metaspace       used 48272K, committed 48576K, reserved 1114112K
  class space    used 5886K, committed 6016K, reserved 1048576K
}
Event: 14.635 GC heap after
{Heap after GC invocations=23 (full 0):
 garbage-first heap   total 76800K, used 45082K [0x00000000c9400000, 0x0000000100000000)
  region size 1024K, 2 young (2048K), 2 survivors (2048K)
 Metaspace       used 48272K, committed 48576K, reserved 1114112K
  class space    used 5886K, committed 6016K, reserved 1048576K
}
Event: 14.677 GC heap before
{Heap before GC invocations=23 (full 0):
 garbage-first heap   total 76800K, used 45082K [0x00000000c9400000, 0x0000000100000000)
  region size 1024K, 3 young (3072K), 2 survivors (2048K)
 Metaspace       used 48494K, committed 48768K, reserved 1114112K
  class space    used 5917K, committed 6016K, reserved 1048576K
}
Event: 14.680 GC heap after
{Heap after GC invocations=24 (full 0):
 garbage-first heap   total 76800K, used 44240K [0x00000000c9400000, 0x0000000100000000)
  region size 1024K, 1 young (1024K), 1 survivors (1024K)
 Metaspace       used 48494K, committed 48768K, reserved 1114112K
  class space    used 5917K, committed 6016K, reserved 1048576K
}
Event: 15.300 GC heap before
{Heap before GC invocations=24 (full 0):
 garbage-first heap   total 76800K, used 59600K [0x00000000c9400000, 0x0000000100000000)
  region size 1024K, 17 young (17408K), 1 survivors (1024K)
 Metaspace       used 50815K, committed 51072K, reserved 1114112K
  class space    used 6211K, committed 6336K, reserved 1048576K
}
Event: 15.310 GC heap after
{Heap after GC invocations=25 (full 0):
 garbage-first heap   total 76800K, used 45609K [0x00000000c9400000, 0x0000000100000000)
  region size 1024K, 2 young (2048K), 2 survivors (2048K)
 Metaspace       used 50815K, committed 51072K, reserved 1114112K
  class space    used 6211K, committed 6336K, reserved 1048576K
}
Event: 16.843 GC heap before
{Heap before GC invocations=26 (full 0):
 garbage-first heap   total 78848K, used 60969K [0x00000000c9400000, 0x0000000100000000)
  region size 1024K, 18 young (18432K), 2 survivors (2048K)
 Metaspace       used 53527K, committed 53760K, reserved 1114112K
  class space    used 6545K, committed 6656K, reserved 1048576K
}
Event: 16.858 GC heap after
{Heap after GC invocations=27 (full 0):
 garbage-first heap   total 78848K, used 47374K [0x00000000c9400000, 0x0000000100000000)
  region size 1024K, 3 young (3072K), 3 survivors (3072K)
 Metaspace       used 53527K, committed 53760K, reserved 1114112K
  class space    used 6545K, committed 6656K, reserved 1048576K
}
Event: 16.868 GC heap before
{Heap before GC invocations=27 (full 0):
 garbage-first heap   total 78848K, used 48398K [0x00000000c9400000, 0x0000000100000000)
  region size 1024K, 4 young (4096K), 3 survivors (3072K)
 Metaspace       used 53530K, committed 53760K, reserved 1114112K
  class space    used 6545K, committed 6656K, reserved 1048576K
}
Event: 16.875 GC heap after
{Heap after GC invocations=28 (full 0):
 garbage-first heap   total 78848K, used 47014K [0x00000000c9400000, 0x0000000100000000)
  region size 1024K, 1 young (1024K), 1 survivors (1024K)
 Metaspace       used 53530K, committed 53760K, reserved 1114112K
  class space    used 6545K, committed 6656K, reserved 1048576K
}
Event: 17.780 GC heap before
{Heap before GC invocations=28 (full 0):
 garbage-first heap   total 78848K, used 63398K [0x00000000c9400000, 0x0000000100000000)
  region size 1024K, 17 young (17408K), 1 survivors (1024K)
 Metaspace       used 54074K, committed 54400K, reserved 1114112K
  class space    used 6561K, committed 6720K, reserved 1048576K
}
Event: 17.793 GC heap after
{Heap after GC invocations=29 (full 0):
 garbage-first heap   total 78848K, used 49790K [0x00000000c9400000, 0x0000000100000000)
  region size 1024K, 3 young (3072K), 3 survivors (3072K)
 Metaspace       used 54074K, committed 54400K, reserved 1114112K
  class space    used 6561K, committed 6720K, reserved 1048576K
}
Event: 18.264 GC heap before
{Heap before GC invocations=30 (full 0):
 garbage-first heap   total 87040K, used 64126K [0x00000000c9400000, 0x0000000100000000)
  region size 1024K, 17 young (17408K), 3 survivors (3072K)
 Metaspace       used 54120K, committed 54400K, reserved 1114112K
  class space    used 6562K, committed 6720K, reserved 1048576K
}
Event: 18.286 GC heap after
{Heap after GC invocations=31 (full 0):
 garbage-first heap   total 87040K, used 52274K [0x00000000c9400000, 0x0000000100000000)
  region size 1024K, 3 young (3072K), 3 survivors (3072K)
 Metaspace       used 54120K, committed 54400K, reserved 1114112K
  class space    used 6562K, committed 6720K, reserved 1048576K
}
Event: 18.636 GC heap before
{Heap before GC invocations=31 (full 0):
 garbage-first heap   total 87040K, used 68658K [0x00000000c9400000, 0x0000000100000000)
  region size 1024K, 19 young (19456K), 3 survivors (3072K)
 Metaspace       used 54248K, committed 54528K, reserved 1114112K
  class space    used 6571K, committed 6720K, reserved 1048576K
}

