# JRE version: OpenJDK Runtime Environment (11.0.15) (build 11.0.15+0-b2043.56-9505619)
# Java VM: OpenJDK 64-Bit Server VM (11.0.15+0-b2043.56-9505619, mixed mode, tiered, compressed oops, g1 gc, windows-amd64)
Heap:
 garbage-first heap   total 139264K, used 131677K [0x0000000080000000, 0x0000000100000000)
  region size 1024K, 2 young (2048K), 1 survivors (1024K)
 Metaspace       used 72423K, capacity 74509K, committed 74800K, reserved 1114112K
  class space    used 9206K, capacity 10015K, committed 10112K, reserved 1048576K
GC Heap History (20 events):
Event: 626.482 GC heap before
{Heap before GC invocations=267 (full 0):
 garbage-first heap   total 138240K, used 133468K [0x0000000080000000, 0x0000000100000000)
  region size 1024K, 6 young (6144K), 1 survivors (1024K)
 Metaspace       used 72188K, capacity 74178K, committed 74416K, reserved 1114112K
  class space    used 9166K, capacity 9969K, committed 9984K, reserved 1048576K
}
Event: 626.493 GC heap after
{Heap after GC invocations=268 (full 0):
 garbage-first heap   total 138240K, used 128849K [0x0000000080000000, 0x0000000100000000)
  region size 1024K, 1 young (1024K), 1 survivors (1024K)
 Metaspace       used 72188K, capacity 74178K, committed 74416K, reserved 1114112K
  class space    used 9166K, capacity 9969K, committed 9984K, reserved 1048576K
}
Event: 627.814 GC heap before
{Heap before GC invocations=268 (full 0):
 garbage-first heap   total 138240K, used 133969K [0x0000000080000000, 0x0000000100000000)
  region size 1024K, 6 young (6144K), 1 survivors (1024K)
 Metaspace       used 72202K, capacity 74190K, committed 74416K, reserved 1114112K
  class space    used 9169K, capacity 9973K, committed 9984K, reserved 1048576K
}
Event: 627.819 GC heap after
{Heap after GC invocations=269 (full 0):
 garbage-first heap   total 138240K, used 129204K [0x0000000080000000, 0x0000000100000000)
  region size 1024K, 1 young (1024K), 1 survivors (1024K)
 Metaspace       used 72202K, capacity 74190K, committed 74416K, reserved 1114112K
  class space    used 9169K, capacity 9973K, committed 9984K, reserved 1048576K
}
Event: 631.074 GC heap before
{Heap before GC invocations=270 (full 0):
 garbage-first heap   total 138240K, used 134324K [0x0000000080000000, 0x0000000100000000)
  region size 1024K, 6 young (6144K), 1 survivors (1024K)
 Metaspace       used 72322K, capacity 74318K, committed 74416K, reserved 1114112K
  class space    used 9192K, capacity 9973K, committed 9984K, reserved 1048576K
}
Event: 631.081 GC heap after
{Heap after GC invocations=271 (full 0):
 garbage-first heap   total 138240K, used 129662K [0x0000000080000000, 0x0000000100000000)
  region size 1024K, 1 young (1024K), 1 survivors (1024K)
 Metaspace       used 72322K, capacity 74318K, committed 74416K, reserved 1114112K
  class space    used 9192K, capacity 9973K, committed 9984K, reserved 1048576K
}
Event: 636.280 GC heap before
{Heap before GC invocations=271 (full 0):
 garbage-first heap   total 138240K, used 134782K [0x0000000080000000, 0x0000000100000000)
  region size 1024K, 6 young (6144K), 1 survivors (1024K)
 Metaspace       used 72354K, capacity 74398K, committed 74416K, reserved 1114112K
  class space    used 9195K, capacity 9977K, committed 9984K, reserved 1048576K
}
Event: 636.287 GC heap after
{Heap after GC invocations=272 (full 0):
 garbage-first heap   total 138240K, used 130448K [0x0000000080000000, 0x0000000100000000)
  region size 1024K, 1 young (1024K), 1 survivors (1024K)
 Metaspace       used 72354K, capacity 74398K, committed 74416K, reserved 1114112K
  class space    used 9195K, capacity 9977K, committed 9984K, reserved 1048576K
}
Event: 636.526 GC heap before
{Heap before GC invocations=273 (full 0):
 garbage-first heap   total 138240K, used 135568K [0x0000000080000000, 0x0000000100000000)
  region size 1024K, 6 young (6144K), 1 survivors (1024K)
 Metaspace       used 72377K, capacity 74410K, committed 74416K, reserved 1114112K
  class space    used 9199K, capacity 9981K, committed 9984K, reserved 1048576K
}
Event: 636.534 GC heap after
{Heap after GC invocations=274 (full 0):
 garbage-first heap   total 138240K, used 130739K [0x0000000080000000, 0x0000000100000000)
  region size 1024K, 1 young (1024K), 1 survivors (1024K)
 Metaspace       used 72377K, capacity 74410K, committed 74416K, reserved 1114112K
  class space    used 9199K, capacity 9981K, committed 9984K, reserved 1048576K
}
Event: 636.719 GC heap before
{Heap before GC invocations=274 (full 0):
 garbage-first heap   total 138240K, used 135859K [0x0000000080000000, 0x0000000100000000)
  region size 1024K, 6 young (6144K), 1 survivors (1024K)
 Metaspace       used 72377K, capacity 74410K, committed 74416K, reserved 1114112K
  class space    used 9199K, capacity 9981K, committed 9984K, reserved 1048576K
}
Event: 636.721 GC heap after
{Heap after GC invocations=275 (full 0):
 garbage-first heap   total 138240K, used 130690K [0x0000000080000000, 0x0000000100000000)
  region size 1024K, 1 young (1024K), 1 survivors (1024K)
 Metaspace       used 72377K, capacity 74410K, committed 74416K, reserved 1114112K
  class space    used 9199K, capacity 9981K, committed 9984K, reserved 1048576K
}
Event: 637.544 GC heap before
{Heap before GC invocations=276 (full 0):
 garbage-first heap   total 138240K, used 135810K [0x0000000080000000, 0x0000000100000000)
  region size 1024K, 6 young (6144K), 1 survivors (1024K)
 Metaspace       used 72385K, capacity 74411K, committed 74416K, reserved 1114112K
  class space    used 9200K, capacity 9981K, committed 9984K, reserved 1048576K
}
Event: 637.548 GC heap after
{Heap after GC invocations=277 (full 0):
 garbage-first heap   total 138240K, used 131277K [0x0000000080000000, 0x0000000100000000)
  region size 1024K, 1 young (1024K), 1 survivors (1024K)
 Metaspace       used 72385K, capacity 74411K, committed 74416K, reserved 1114112K
  class space    used 9200K, capacity 9981K, committed 9984K, reserved 1048576K
}
Event: 637.834 GC heap before
{Heap before GC invocations=277 (full 0):
 garbage-first heap   total 138240K, used 136397K [0x0000000080000000, 0x0000000100000000)
  region size 1024K, 6 young (6144K), 1 survivors (1024K)
 Metaspace       used 72412K, capacity 74509K, committed 74800K, reserved 1114112K
  class space    used 9204K, capacity 10015K, committed 10112K, reserved 1048576K
}
Event: 637.846 GC heap after
{Heap after GC invocations=278 (full 0):
 garbage-first heap   total 139264K, used 131035K [0x0000000080000000, 0x0000000100000000)
  region size 1024K, 1 young (1024K), 1 survivors (1024K)
 Metaspace       used 72412K, capacity 74509K, committed 74800K, reserved 1114112K
  class space    used 9204K, capacity 10015K, committed 10112K, reserved 1048576K
}
Event: 637.870 GC heap before
{Heap before GC invocations=278 (full 0):
 garbage-first heap   total 139264K, used 136155K [0x0000000080000000, 0x0000000100000000)
  region size 1024K, 6 young (6144K), 1 survivors (1024K)
 Metaspace       used 72413K, capacity 74509K, committed 74800K, reserved 1114112K
  class space    used 9204K, capacity 10015K, committed 10112K, reserved 1048576K
}
Event: 637.874 GC heap after
{Heap after GC invocations=279 (full 0):
 garbage-first heap   total 139264K, used 131146K [0x0000000080000000, 0x0000000100000000)
  region size 1024K, 1 young (1024K), 1 survivors (1024K)
 Metaspace       used 72413K, capacity 74509K, committed 74800K, reserved 1114112K
  class space    used 9204K, capacity 10015K, committed 10112K, reserved 1048576K
}
Event: 639.110 GC heap before
{Heap before GC invocations=280 (full 0):
 garbage-first heap   total 139264K, used 136266K [0x0000000080000000, 0x0000000100000000)
  region size 1024K, 6 young (6144K), 1 survivors (1024K)
 Metaspace       used 72416K, capacity 74509K, committed 74800K, reserved 1114112K
  class space    used 9205K, capacity 10015K, committed 10112K, reserved 1048576K
}
Event: 639.115 GC heap after
{Heap after GC invocations=281 (full 0):
 garbage-first heap   total 139264K, used 131677K [0x0000000080000000, 0x0000000100000000)
  region size 1024K, 1 young (1024K), 1 survivors (1024K)
 Metaspace       used 72416K, capacity 74509K, committed 74800K, reserved 1114112K
  class space    used 9205K, capacity 10015K, committed 10112K, reserved 1048576K
}

