# JRE version: OpenJDK Runtime Environment (11.0.15) (build 11.0.15+0-b2043.56-9505619)
# Java VM: OpenJDK 64-Bit Server VM (11.0.15+0-b2043.56-9505619, mixed mode, tiered, compressed oops, g1 gc, windows-amd64)
Heap:
 garbage-first heap   total 83968K, used 59516K [0x0000000080000000, 0x0000000100000000)
  region size 1024K, 6 young (6144K), 2 survivors (2048K)
 Metaspace       used 40388K, capacity 41482K, committed 41648K, reserved 1085440K
  class space    used 5207K, capacity 5611K, committed 5632K, reserved 1048576K
GC Heap History (20 events):
Event: 264.296 GC heap before
{Heap before GC invocations=73 (full 0):
 garbage-first heap   total 69632K, used 58363K [0x0000000080000000, 0x0000000100000000)
  region size 1024K, 5 young (5120K), 1 survivors (1024K)
 Metaspace       used 32068K, capacity 33101K, committed 33328K, reserved 1077248K
  class space    used 4274K, capacity 4650K, committed 4736K, reserved 1048576K
}
Event: 264.301 GC heap after
{Heap after GC invocations=74 (full 0):
 garbage-first heap   total 69632K, used 54453K [0x0000000080000000, 0x0000000100000000)
  region size 1024K, 1 young (1024K), 1 survivors (1024K)
 Metaspace       used 32068K, capacity 33101K, committed 33328K, reserved 1077248K
  class space    used 4274K, capacity 4650K, committed 4736K, reserved 1048576K
}
Event: 265.577 GC heap before
{Heap before GC invocations=74 (full 0):
 garbage-first heap   total 69632K, used 58549K [0x0000000080000000, 0x0000000100000000)
  region size 1024K, 5 young (5120K), 1 survivors (1024K)
 Metaspace       used 32442K, capacity 33457K, committed 33584K, reserved 1079296K
  class space    used 4329K, capacity 4683K, committed 4736K, reserved 1048576K
}
Event: 265.598 GC heap after
{Heap after GC invocations=75 (full 0):
 garbage-first heap   total 69632K, used 54505K [0x0000000080000000, 0x0000000100000000)
  region size 1024K, 1 young (1024K), 1 survivors (1024K)
 Metaspace       used 32442K, capacity 33457K, committed 33584K, reserved 1079296K
  class space    used 4329K, capacity 4683K, committed 4736K, reserved 1048576K
}
Event: 268.919 GC heap before
{Heap before GC invocations=76 (full 0):
 garbage-first heap   total 69632K, used 58601K [0x0000000080000000, 0x0000000100000000)
  region size 1024K, 5 young (5120K), 1 survivors (1024K)
 Metaspace       used 32838K, capacity 33840K, committed 33968K, reserved 1079296K
  class space    used 4396K, capacity 4767K, committed 4864K, reserved 1048576K
}
Event: 268.922 GC heap after
{Heap after GC invocations=77 (full 0):
 garbage-first heap   total 69632K, used 54665K [0x0000000080000000, 0x0000000100000000)
  region size 1024K, 1 young (1024K), 1 survivors (1024K)
 Metaspace       used 32838K, capacity 33840K, committed 33968K, reserved 1079296K
  class space    used 4396K, capacity 4767K, committed 4864K, reserved 1048576K
}
Event: 270.004 GC heap before
{Heap before GC invocations=77 (full 0):
 garbage-first heap   total 69632K, used 57737K [0x0000000080000000, 0x0000000100000000)
  region size 1024K, 5 young (5120K), 1 survivors (1024K)
 Metaspace       used 33222K, capacity 34299K, committed 34480K, reserved 1079296K
  class space    used 4454K, capacity 4835K, committed 4864K, reserved 1048576K
}
Event: 270.008 GC heap after
{Heap after GC invocations=78 (full 0):
 garbage-first heap   total 69632K, used 54782K [0x0000000080000000, 0x0000000100000000)
  region size 1024K, 1 young (1024K), 1 survivors (1024K)
 Metaspace       used 33222K, capacity 34299K, committed 34480K, reserved 1079296K
  class space    used 4454K, capacity 4835K, committed 4864K, reserved 1048576K
}
Event: 273.310 GC heap before
{Heap before GC invocations=79 (full 0):
 garbage-first heap   total 69632K, used 58878K [0x0000000080000000, 0x0000000100000000)
  region size 1024K, 5 young (5120K), 1 survivors (1024K)
 Metaspace       used 34000K, capacity 34970K, committed 35120K, reserved 1079296K
  class space    used 4539K, capacity 4909K, committed 4992K, reserved 1048576K
}
Event: 273.314 GC heap after
{Heap after GC invocations=80 (full 0):
 garbage-first heap   total 69632K, used 54809K [0x0000000080000000, 0x0000000100000000)
  region size 1024K, 1 young (1024K), 1 survivors (1024K)
 Metaspace       used 34000K, capacity 34970K, committed 35120K, reserved 1079296K
  class space    used 4539K, capacity 4909K, committed 4992K, reserved 1048576K
}
Event: 308.005 GC heap before
{Heap before GC invocations=80 (full 0):
 garbage-first heap   total 69632K, used 57881K [0x0000000080000000, 0x0000000100000000)
  region size 1024K, 5 young (5120K), 1 survivors (1024K)
 Metaspace       used 34285K, capacity 35283K, committed 35376K, reserved 1079296K
  class space    used 4578K, capacity 4949K, committed 4992K, reserved 1048576K
}
Event: 309.740 GC heap after
{Heap after GC invocations=81 (full 0):
 garbage-first heap   total 69632K, used 54876K [0x0000000080000000, 0x0000000100000000)
  region size 1024K, 1 young (1024K), 1 survivors (1024K)
 Metaspace       used 34285K, capacity 35283K, committed 35376K, reserved 1079296K
  class space    used 4578K, capacity 4949K, committed 4992K, reserved 1048576K
}
Event: 322.201 GC heap before
{Heap before GC invocations=82 (full 0):
 garbage-first heap   total 69632K, used 58972K [0x0000000080000000, 0x0000000100000000)
  region size 1024K, 5 young (5120K), 1 survivors (1024K)
 Metaspace       used 34962K, capacity 35981K, committed 36272K, reserved 1081344K
  class space    used 4673K, capacity 5052K, committed 5120K, reserved 1048576K
}
Event: 322.212 GC heap after
{Heap after GC invocations=83 (full 0):
 garbage-first heap   total 69632K, used 55295K [0x0000000080000000, 0x0000000100000000)
  region size 1024K, 1 young (1024K), 1 survivors (1024K)
 Metaspace       used 34962K, capacity 35981K, committed 36272K, reserved 1081344K
  class space    used 4673K, capacity 5052K, committed 5120K, reserved 1048576K
}
Event: 325.488 GC heap before
{Heap before GC invocations=83 (full 0):
 garbage-first heap   total 69632K, used 59391K [0x0000000080000000, 0x0000000100000000)
  region size 1024K, 5 young (5120K), 1 survivors (1024K)
 Metaspace       used 35645K, capacity 36728K, committed 36912K, reserved 1081344K
  class space    used 4750K, capacity 5153K, committed 5248K, reserved 1048576K
}
Event: 325.506 GC heap after
{Heap after GC invocations=84 (full 0):
 garbage-first heap   total 69632K, used 55877K [0x0000000080000000, 0x0000000100000000)
  region size 1024K, 1 young (1024K), 1 survivors (1024K)
 Metaspace       used 35645K, capacity 36728K, committed 36912K, reserved 1081344K
  class space    used 4750K, capacity 5153K, committed 5248K, reserved 1048576K
}
Event: 329.017 GC heap before
{Heap before GC invocations=85 (full 0):
 garbage-first heap   total 69632K, used 59973K [0x0000000080000000, 0x0000000100000000)
  region size 1024K, 5 young (5120K), 1 survivors (1024K)
 Metaspace       used 36934K, capacity 37953K, committed 38192K, reserved 1083392K
  class space    used 4826K, capacity 5220K, committed 5248K, reserved 1048576K
}
Event: 329.048 GC heap after
{Heap after GC invocations=86 (full 0):
 garbage-first heap   total 83968K, used 56397K [0x0000000080000000, 0x0000000100000000)
  region size 1024K, 1 young (1024K), 1 survivors (1024K)
 Metaspace       used 36934K, capacity 37953K, committed 38192K, reserved 1083392K
  class space    used 4826K, capacity 5220K, committed 5248K, reserved 1048576K
}
Event: 340.139 GC heap before
{Heap before GC invocations=86 (full 0):
 garbage-first heap   total 83968K, used 64589K [0x0000000080000000, 0x0000000100000000)
  region size 1024K, 9 young (9216K), 1 survivors (1024K)
 Metaspace       used 39588K, capacity 40673K, committed 40880K, reserved 1085440K
  class space    used 5147K, capacity 5576K, committed 5632K, reserved 1048576K
}
Event: 340.152 GC heap after
{Heap after GC invocations=87 (full 0):
 garbage-first heap   total 83968K, used 57468K [0x0000000080000000, 0x0000000100000000)
  region size 1024K, 2 young (2048K), 2 survivors (2048K)
 Metaspace       used 39588K, capacity 40673K, committed 40880K, reserved 1085440K
  class space    used 5147K, capacity 5576K, committed 5632K, reserved 1048576K
}

