# JRE version: OpenJDK Runtime Environment (11.0.15) (build 11.0.15+0-b2043.56-9505619)
# Java VM: OpenJDK 64-Bit Server VM (11.0.15+0-b2043.56-9505619, mixed mode, tiered, compressed oops, g1 gc, windows-amd64)
Heap:
 garbage-first heap   total 84992K, used 55364K [0x0000000080000000, 0x0000000100000000)
  region size 1024K, 1 young (1024K), 1 survivors (1024K)
 Metaspace       used 31812K, capacity 32832K, committed 32944K, reserved 1077248K
  class space    used 4221K, capacity 4582K, committed 4608K, reserved 1048576K
GC Heap History (20 events):
Event: 266.509 GC heap after
{Heap after GC invocations=47 (full 0):
 garbage-first heap   total 57344K, used 54552K [0x0000000080000000, 0x0000000100000000)
  region size 1024K, 1 young (1024K), 1 survivors (1024K)
 Metaspace       used 29636K, capacity 30636K, committed 30768K, reserved 1075200K
  class space    used 3878K, capacity 4210K, committed 4224K, reserved 1048576K
}
Event: 266.832 GC heap before
{Heap before GC invocations=48 (full 0):
 garbage-first heap   total 57344K, used 55576K [0x0000000080000000, 0x0000000100000000)
  region size 1024K, 2 young (2048K), 1 survivors (1024K)
 Metaspace       used 29704K, capacity 30668K, committed 30896K, reserved 1075200K
  class space    used 3890K, capacity 4242K, committed 4352K, reserved 1048576K
}
Event: 266.835 GC heap after
{Heap after GC invocations=49 (full 0):
 garbage-first heap   total 57344K, used 54563K [0x0000000080000000, 0x0000000100000000)
  region size 1024K, 1 young (1024K), 1 survivors (1024K)
 Metaspace       used 29704K, capacity 30668K, committed 30896K, reserved 1075200K
  class space    used 3890K, capacity 4242K, committed 4352K, reserved 1048576K
}
Event: 266.855 GC heap before
{Heap before GC invocations=49 (full 0):
 garbage-first heap   total 57344K, used 55587K [0x0000000080000000, 0x0000000100000000)
  region size 1024K, 2 young (2048K), 1 survivors (1024K)
 Metaspace       used 29755K, capacity 30735K, committed 30896K, reserved 1075200K
  class space    used 3898K, capacity 4243K, committed 4352K, reserved 1048576K
}
Event: 266.857 GC heap after
{Heap after GC invocations=50 (full 0):
 garbage-first heap   total 58368K, used 54617K [0x0000000080000000, 0x0000000100000000)
  region size 1024K, 1 young (1024K), 1 survivors (1024K)
 Metaspace       used 29755K, capacity 30735K, committed 30896K, reserved 1075200K
  class space    used 3898K, capacity 4243K, committed 4352K, reserved 1048576K
}
Event: 267.063 GC heap before
{Heap before GC invocations=51 (full 0):
 garbage-first heap   total 58368K, used 55641K [0x0000000080000000, 0x0000000100000000)
  region size 1024K, 2 young (2048K), 1 survivors (1024K)
 Metaspace       used 29811K, capacity 30744K, committed 30896K, reserved 1075200K
  class space    used 3907K, capacity 4246K, committed 4352K, reserved 1048576K
}
Event: 267.066 GC heap after
{Heap after GC invocations=52 (full 0):
 garbage-first heap   total 58368K, used 54610K [0x0000000080000000, 0x0000000100000000)
  region size 1024K, 1 young (1024K), 1 survivors (1024K)
 Metaspace       used 29811K, capacity 30744K, committed 30896K, reserved 1075200K
  class space    used 3907K, capacity 4246K, committed 4352K, reserved 1048576K
}
Event: 267.214 GC heap before
{Heap before GC invocations=52 (full 0):
 garbage-first heap   total 58368K, used 55634K [0x0000000080000000, 0x0000000100000000)
  region size 1024K, 2 young (2048K), 1 survivors (1024K)
 Metaspace       used 29844K, capacity 30811K, committed 31152K, reserved 1077248K
  class space    used 3915K, capacity 4247K, committed 4352K, reserved 1048576K
}
Event: 267.218 GC heap after
{Heap after GC invocations=53 (full 0):
 garbage-first heap   total 70656K, used 54646K [0x0000000080000000, 0x0000000100000000)
  region size 1024K, 1 young (1024K), 1 survivors (1024K)
 Metaspace       used 29844K, capacity 30811K, committed 31152K, reserved 1077248K
  class space    used 3915K, capacity 4247K, committed 4352K, reserved 1048576K
}
Event: 268.227 GC heap before
{Heap before GC invocations=54 (full 0):
 garbage-first heap   total 70656K, used 58742K [0x0000000080000000, 0x0000000100000000)
  region size 1024K, 5 young (5120K), 1 survivors (1024K)
 Metaspace       used 30084K, capacity 31069K, committed 31152K, reserved 1077248K
  class space    used 3956K, capacity 4312K, committed 4352K, reserved 1048576K
}
Event: 268.231 GC heap after
{Heap after GC invocations=55 (full 0):
 garbage-first heap   total 70656K, used 54709K [0x0000000080000000, 0x0000000100000000)
  region size 1024K, 1 young (1024K), 1 survivors (1024K)
 Metaspace       used 30084K, capacity 31069K, committed 31152K, reserved 1077248K
  class space    used 3956K, capacity 4312K, committed 4352K, reserved 1048576K
}
Event: 268.958 GC heap before
{Heap before GC invocations=55 (full 0):
 garbage-first heap   total 70656K, used 58805K [0x0000000080000000, 0x0000000100000000)
  region size 1024K, 5 young (5120K), 1 survivors (1024K)
 Metaspace       used 30407K, capacity 31405K, committed 31536K, reserved 1077248K
  class space    used 4011K, capacity 4361K, committed 4480K, reserved 1048576K
}
Event: 268.962 GC heap after
{Heap after GC invocations=56 (full 0):
 garbage-first heap   total 70656K, used 54828K [0x0000000080000000, 0x0000000100000000)
  region size 1024K, 1 young (1024K), 1 survivors (1024K)
 Metaspace       used 30407K, capacity 31405K, committed 31536K, reserved 1077248K
  class space    used 4011K, capacity 4361K, committed 4480K, reserved 1048576K
}
Event: 270.778 GC heap before
{Heap before GC invocations=57 (full 0):
 garbage-first heap   total 70656K, used 58924K [0x0000000080000000, 0x0000000100000000)
  region size 1024K, 5 young (5120K), 1 survivors (1024K)
 Metaspace       used 30726K, capacity 31742K, committed 31792K, reserved 1077248K
  class space    used 4062K, capacity 4430K, committed 4480K, reserved 1048576K
}
Event: 270.781 GC heap after
{Heap after GC invocations=58 (full 0):
 garbage-first heap   total 70656K, used 54996K [0x0000000080000000, 0x0000000100000000)
  region size 1024K, 1 young (1024K), 1 survivors (1024K)
 Metaspace       used 30726K, capacity 31742K, committed 31792K, reserved 1077248K
  class space    used 4062K, capacity 4430K, committed 4480K, reserved 1048576K
}
Event: 272.207 GC heap before
{Heap before GC invocations=58 (full 0):
 garbage-first heap   total 70656K, used 59092K [0x0000000080000000, 0x0000000100000000)
  region size 1024K, 5 young (5120K), 1 survivors (1024K)
 Metaspace       used 31299K, capacity 32324K, committed 32688K, reserved 1077248K
  class space    used 4143K, capacity 4496K, committed 4608K, reserved 1048576K
}
Event: 272.210 GC heap after
{Heap after GC invocations=59 (full 0):
 garbage-first heap   total 70656K, used 55172K [0x0000000080000000, 0x0000000100000000)
  region size 1024K, 1 young (1024K), 1 survivors (1024K)
 Metaspace       used 31299K, capacity 32324K, committed 32688K, reserved 1077248K
  class space    used 4143K, capacity 4496K, committed 4608K, reserved 1048576K
}
Event: 274.790 GC heap before
{Heap before GC invocations=60 (full 0):
 garbage-first heap   total 70656K, used 59268K [0x0000000080000000, 0x0000000100000000)
  region size 1024K, 5 young (5120K), 1 survivors (1024K)
 Metaspace       used 31552K, capacity 32594K, committed 32688K, reserved 1077248K
  class space    used 4189K, capacity 4545K, committed 4608K, reserved 1048576K
}
Event: 274.803 GC heap after
{Heap after GC invocations=61 (full 0):
 garbage-first heap   total 70656K, used 55249K [0x0000000080000000, 0x0000000100000000)
  region size 1024K, 1 young (1024K), 1 survivors (1024K)
 Metaspace       used 31552K, capacity 32594K, committed 32688K, reserved 1077248K
  class space    used 4189K, capacity 4545K, committed 4608K, reserved 1048576K
}
Event: 275.353 GC heap before
{Heap before GC invocations=61 (full 0):
 garbage-first heap   total 70656K, used 59345K [0x0000000080000000, 0x0000000100000000)
  region size 1024K, 5 young (5120K), 1 survivors (1024K)
 Metaspace       used 31812K, capacity 32832K, committed 32944K, reserved 1077248K
  class space    used 4221K, capacity 4582K, committed 4608K, reserved 1048576K
}

