# JRE version: OpenJDK Runtime Environment (11.0.15) (build 11.0.15+0-b2043.56-9505619)
# Java VM: OpenJDK 64-Bit Server VM (11.0.15+0-b2043.56-9505619, mixed mode, tiered, compressed oops, g1 gc, windows-amd64)
Heap:
 garbage-first heap   total 70656K, used 57039K [0x0000000080000000, 0x0000000100000000)
  region size 1024K, 2 young (2048K), 1 survivors (1024K)
 Metaspace       used 35945K, capacity 37040K, committed 37168K, reserved 1081344K
  class space    used 4754K, capacity 5153K, committed 5248K, reserved 1048576K
GC Heap History (20 events):
Event: 276.656 GC heap before
{Heap before GC invocations=58 (full 0):
 garbage-first heap   total 70656K, used 59172K [0x0000000080000000, 0x0000000100000000)
  region size 1024K, 5 young (5120K), 1 survivors (1024K)
 Metaspace       used 31554K, capacity 32523K, committed 32688K, reserved 1077248K
  class space    used 4187K, capacity 4545K, committed 4608K, reserved 1048576K
}
Event: 276.659 GC heap after
{Heap after GC invocations=59 (full 0):
 garbage-first heap   total 70656K, used 55234K [0x0000000080000000, 0x0000000100000000)
  region size 1024K, 1 young (1024K), 1 survivors (1024K)
 Metaspace       used 31554K, capacity 32523K, committed 32688K, reserved 1077248K
  class space    used 4187K, capacity 4545K, committed 4608K, reserved 1048576K
}
Event: 278.237 GC heap before
{Heap before GC invocations=59 (full 0):
 garbage-first heap   total 70656K, used 59330K [0x0000000080000000, 0x0000000100000000)
  region size 1024K, 5 young (5120K), 1 survivors (1024K)
 Metaspace       used 31791K, capacity 32825K, committed 32944K, reserved 1077248K
  class space    used 4219K, capacity 4582K, committed 4608K, reserved 1048576K
}
Event: 278.241 GC heap after
{Heap after GC invocations=60 (full 0):
 garbage-first heap   total 70656K, used 55339K [0x0000000080000000, 0x0000000100000000)
  region size 1024K, 1 young (1024K), 1 survivors (1024K)
 Metaspace       used 31791K, capacity 32825K, committed 32944K, reserved 1077248K
  class space    used 4219K, capacity 4582K, committed 4608K, reserved 1048576K
}
Event: 279.157 GC heap before
{Heap before GC invocations=61 (full 0):
 garbage-first heap   total 70656K, used 59435K [0x0000000080000000, 0x0000000100000000)
  region size 1024K, 5 young (5120K), 1 survivors (1024K)
 Metaspace       used 32182K, capacity 33226K, committed 33328K, reserved 1077248K
  class space    used 4282K, capacity 4651K, committed 4736K, reserved 1048576K
}
Event: 279.162 GC heap after
{Heap after GC invocations=62 (full 0):
 garbage-first heap   total 70656K, used 55442K [0x0000000080000000, 0x0000000100000000)
  region size 1024K, 1 young (1024K), 1 survivors (1024K)
 Metaspace       used 32182K, capacity 33226K, committed 33328K, reserved 1077248K
  class space    used 4282K, capacity 4651K, committed 4736K, reserved 1048576K
}
Event: 280.357 GC heap before
{Heap before GC invocations=62 (full 0):
 garbage-first heap   total 70656K, used 59538K [0x0000000080000000, 0x0000000100000000)
  region size 1024K, 5 young (5120K), 1 survivors (1024K)
 Metaspace       used 32585K, capacity 33616K, committed 33840K, reserved 1079296K
  class space    used 4335K, capacity 4717K, committed 4736K, reserved 1048576K
}
Event: 280.359 GC heap after
{Heap after GC invocations=63 (full 0):
 garbage-first heap   total 70656K, used 55563K [0x0000000080000000, 0x0000000100000000)
  region size 1024K, 1 young (1024K), 1 survivors (1024K)
 Metaspace       used 32585K, capacity 33616K, committed 33840K, reserved 1079296K
  class space    used 4335K, capacity 4717K, committed 4736K, reserved 1048576K
}
Event: 281.713 GC heap before
{Heap before GC invocations=64 (full 0):
 garbage-first heap   total 70656K, used 59659K [0x0000000080000000, 0x0000000100000000)
  region size 1024K, 5 young (5120K), 1 survivors (1024K)
 Metaspace       used 32949K, capacity 33962K, committed 34224K, reserved 1079296K
  class space    used 4400K, capacity 4767K, committed 4864K, reserved 1048576K
}
Event: 281.717 GC heap after
{Heap after GC invocations=65 (full 0):
 garbage-first heap   total 70656K, used 55705K [0x0000000080000000, 0x0000000100000000)
  region size 1024K, 1 young (1024K), 1 survivors (1024K)
 Metaspace       used 32949K, capacity 33962K, committed 34224K, reserved 1079296K
  class space    used 4400K, capacity 4767K, committed 4864K, reserved 1048576K
}
Event: 282.110 GC heap before
{Heap before GC invocations=65 (full 0):
 garbage-first heap   total 70656K, used 59801K [0x0000000080000000, 0x0000000100000000)
  region size 1024K, 5 young (5120K), 1 survivors (1024K)
 Metaspace       used 33415K, capacity 34421K, committed 34480K, reserved 1079296K
  class space    used 4459K, capacity 4835K, committed 4864K, reserved 1048576K
}
Event: 282.117 GC heap after
{Heap after GC invocations=66 (full 0):
 garbage-first heap   total 70656K, used 55804K [0x0000000080000000, 0x0000000100000000)
  region size 1024K, 1 young (1024K), 1 survivors (1024K)
 Metaspace       used 33415K, capacity 34421K, committed 34480K, reserved 1079296K
  class space    used 4459K, capacity 4835K, committed 4864K, reserved 1048576K
}
Event: 287.832 GC heap before
{Heap before GC invocations=67 (full 0):
 garbage-first heap   total 70656K, used 58876K [0x0000000080000000, 0x0000000100000000)
  region size 1024K, 5 young (5120K), 1 survivors (1024K)
 Metaspace       used 34053K, capacity 35092K, committed 35376K, reserved 1079296K
  class space    used 4537K, capacity 4909K, committed 4992K, reserved 1048576K
}
Event: 287.838 GC heap after
{Heap after GC invocations=68 (full 0):
 garbage-first heap   total 70656K, used 55854K [0x0000000080000000, 0x0000000100000000)
  region size 1024K, 1 young (1024K), 1 survivors (1024K)
 Metaspace       used 34053K, capacity 35092K, committed 35376K, reserved 1079296K
  class space    used 4537K, capacity 4909K, committed 4992K, reserved 1048576K
}
Event: 327.798 GC heap before
{Heap before GC invocations=68 (full 0):
 garbage-first heap   total 70656K, used 59950K [0x0000000080000000, 0x0000000100000000)
  region size 1024K, 5 young (5120K), 1 survivors (1024K)
 Metaspace       used 34365K, capacity 35413K, committed 35632K, reserved 1079296K
  class space    used 4584K, capacity 4952K, committed 4992K, reserved 1048576K
}
Event: 327.846 GC heap after
{Heap after GC invocations=69 (full 0):
 garbage-first heap   total 70656K, used 56086K [0x0000000080000000, 0x0000000100000000)
  region size 1024K, 1 young (1024K), 1 survivors (1024K)
 Metaspace       used 34365K, capacity 35413K, committed 35632K, reserved 1079296K
  class space    used 4584K, capacity 4952K, committed 4992K, reserved 1048576K
}
Event: 333.750 GC heap before
{Heap before GC invocations=70 (full 0):
 garbage-first heap   total 70656K, used 60182K [0x0000000080000000, 0x0000000100000000)
  region size 1024K, 5 young (5120K), 1 survivors (1024K)
 Metaspace       used 35076K, capacity 36133K, committed 36272K, reserved 1081344K
  class space    used 4693K, capacity 5084K, committed 5120K, reserved 1048576K
}
Event: 333.794 GC heap after
{Heap after GC invocations=71 (full 0):
 garbage-first heap   total 70656K, used 56408K [0x0000000080000000, 0x0000000100000000)
  region size 1024K, 1 young (1024K), 1 survivors (1024K)
 Metaspace       used 35076K, capacity 36133K, committed 36272K, reserved 1081344K
  class space    used 4693K, capacity 5084K, committed 5120K, reserved 1048576K
}
Event: 346.600 GC heap before
{Heap before GC invocations=71 (full 0):
 garbage-first heap   total 70656K, used 59480K [0x0000000080000000, 0x0000000100000000)
  region size 1024K, 5 young (5120K), 1 survivors (1024K)
 Metaspace       used 35658K, capacity 36720K, committed 36912K, reserved 1081344K
  class space    used 4751K, capacity 5153K, committed 5248K, reserved 1048576K
}
Event: 346.615 GC heap after
{Heap after GC invocations=72 (full 0):
 garbage-first heap   total 70656K, used 57039K [0x0000000080000000, 0x0000000100000000)
  region size 1024K, 1 young (1024K), 1 survivors (1024K)
 Metaspace       used 35658K, capacity 36720K, committed 36912K, reserved 1081344K
  class space    used 4751K, capacity 5153K, committed 5248K, reserved 1048576K
}

