# JRE version: OpenJDK Runtime Environment (11.0.15) (build 11.0.15+0-b2043.56-9505619)
# Java VM: OpenJDK 64-Bit Server VM (11.0.15+0-b2043.56-9505619, mixed mode, tiered, compressed oops, g1 gc, windows-amd64)
Heap:
 garbage-first heap   total 70656K, used 63733K [0x0000000080000000, 0x0000000100000000)
  region size 1024K, 3 young (3072K), 1 survivors (1024K)
 Metaspace       used 40973K, capacity 42100K, committed 42288K, reserved 1085440K
  class space    used 5252K, capacity 5663K, committed 5760K, reserved 1048576K
GC Heap History (20 events):
Event: 333.996 GC heap before
{Heap before GC invocations=87 (full 0):
 garbage-first heap   total 70656K, used 63050K [0x0000000080000000, 0x0000000100000000)
  region size 1024K, 3 young (3072K), 1 survivors (1024K)
 Metaspace       used 40689K, capacity 41793K, committed 41904K, reserved 1085440K
  class space    used 5225K, capacity 5628K, committed 5632K, reserved 1048576K
}
Event: 333.999 GC heap after
{Heap after GC invocations=88 (full 0):
 garbage-first heap   total 70656K, used 61175K [0x0000000080000000, 0x0000000100000000)
  region size 1024K, 1 young (1024K), 1 survivors (1024K)
 Metaspace       used 40689K, capacity 41793K, committed 41904K, reserved 1085440K
  class space    used 5225K, capacity 5628K, committed 5632K, reserved 1048576K
}
Event: 334.028 GC heap before
{Heap before GC invocations=88 (full 0):
 garbage-first heap   total 70656K, used 63223K [0x0000000080000000, 0x0000000100000000)
  region size 1024K, 3 young (3072K), 1 survivors (1024K)
 Metaspace       used 40710K, capacity 41796K, committed 41904K, reserved 1085440K
  class space    used 5225K, capacity 5628K, committed 5632K, reserved 1048576K
}
Event: 334.031 GC heap after
{Heap after GC invocations=89 (full 0):
 garbage-first heap   total 70656K, used 61373K [0x0000000080000000, 0x0000000100000000)
  region size 1024K, 1 young (1024K), 1 survivors (1024K)
 Metaspace       used 40710K, capacity 41796K, committed 41904K, reserved 1085440K
  class space    used 5225K, capacity 5628K, committed 5632K, reserved 1048576K
}
Event: 334.917 GC heap before
{Heap before GC invocations=90 (full 0):
 garbage-first heap   total 70656K, used 63421K [0x0000000080000000, 0x0000000100000000)
  region size 1024K, 3 young (3072K), 1 survivors (1024K)
 Metaspace       used 40717K, capacity 41796K, committed 41904K, reserved 1085440K
  class space    used 5225K, capacity 5628K, committed 5632K, reserved 1048576K
}
Event: 334.922 GC heap after
{Heap after GC invocations=91 (full 0):
 garbage-first heap   total 70656K, used 61636K [0x0000000080000000, 0x0000000100000000)
  region size 1024K, 1 young (1024K), 1 survivors (1024K)
 Metaspace       used 40717K, capacity 41796K, committed 41904K, reserved 1085440K
  class space    used 5225K, capacity 5628K, committed 5632K, reserved 1048576K
}
Event: 335.076 GC heap before
{Heap before GC invocations=91 (full 0):
 garbage-first heap   total 70656K, used 63684K [0x0000000080000000, 0x0000000100000000)
  region size 1024K, 3 young (3072K), 1 survivors (1024K)
 Metaspace       used 40718K, capacity 41796K, committed 41904K, reserved 1085440K
  class space    used 5225K, capacity 5628K, committed 5632K, reserved 1048576K
}
Event: 335.081 GC heap after
{Heap after GC invocations=92 (full 0):
 garbage-first heap   total 70656K, used 61843K [0x0000000080000000, 0x0000000100000000)
  region size 1024K, 1 young (1024K), 1 survivors (1024K)
 Metaspace       used 40718K, capacity 41796K, committed 41904K, reserved 1085440K
  class space    used 5225K, capacity 5628K, committed 5632K, reserved 1048576K
}
Event: 335.404 GC heap before
{Heap before GC invocations=93 (full 0):
 garbage-first heap   total 70656K, used 63891K [0x0000000080000000, 0x0000000100000000)
  region size 1024K, 3 young (3072K), 1 survivors (1024K)
 Metaspace       used 40718K, capacity 41796K, committed 41904K, reserved 1085440K
  class space    used 5225K, capacity 5628K, committed 5632K, reserved 1048576K
}
Event: 335.409 GC heap after
{Heap after GC invocations=94 (full 0):
 garbage-first heap   total 70656K, used 62185K [0x0000000080000000, 0x0000000100000000)
  region size 1024K, 1 young (1024K), 1 survivors (1024K)
 Metaspace       used 40718K, capacity 41796K, committed 41904K, reserved 1085440K
  class space    used 5225K, capacity 5628K, committed 5632K, reserved 1048576K
}
Event: 335.679 GC heap before
{Heap before GC invocations=94 (full 0):
 garbage-first heap   total 70656K, used 64233K [0x0000000080000000, 0x0000000100000000)
  region size 1024K, 3 young (3072K), 1 survivors (1024K)
 Metaspace       used 40718K, capacity 41796K, committed 41904K, reserved 1085440K
  class space    used 5225K, capacity 5628K, committed 5632K, reserved 1048576K
}
Event: 335.738 GC heap after
{Heap after GC invocations=95 (full 0):
 garbage-first heap   total 70656K, used 61665K [0x0000000080000000, 0x0000000100000000)
  region size 1024K, 1 young (1024K), 1 survivors (1024K)
 Metaspace       used 40718K, capacity 41796K, committed 41904K, reserved 1085440K
  class space    used 5225K, capacity 5628K, committed 5632K, reserved 1048576K
}
Event: 335.889 GC heap before
{Heap before GC invocations=95 (full 0):
 garbage-first heap   total 70656K, used 63713K [0x0000000080000000, 0x0000000100000000)
  region size 1024K, 3 young (3072K), 1 survivors (1024K)
 Metaspace       used 40718K, capacity 41796K, committed 41904K, reserved 1085440K
  class space    used 5225K, capacity 5628K, committed 5632K, reserved 1048576K
}
Event: 335.992 GC heap after
{Heap after GC invocations=96 (full 0):
 garbage-first heap   total 70656K, used 61950K [0x0000000080000000, 0x0000000100000000)
  region size 1024K, 1 young (1024K), 1 survivors (1024K)
 Metaspace       used 40718K, capacity 41796K, committed 41904K, reserved 1085440K
  class space    used 5225K, capacity 5628K, committed 5632K, reserved 1048576K
}
Event: 337.451 GC heap before
{Heap before GC invocations=97 (full 0):
 garbage-first heap   total 70656K, used 63998K [0x0000000080000000, 0x0000000100000000)
  region size 1024K, 3 young (3072K), 1 survivors (1024K)
 Metaspace       used 40744K, capacity 41804K, committed 41904K, reserved 1085440K
  class space    used 5227K, capacity 5629K, committed 5632K, reserved 1048576K
}
Event: 337.457 GC heap after
{Heap after GC invocations=98 (full 0):
 garbage-first heap   total 70656K, used 62399K [0x0000000080000000, 0x0000000100000000)
  region size 1024K, 1 young (1024K), 1 survivors (1024K)
 Metaspace       used 40744K, capacity 41804K, committed 41904K, reserved 1085440K
  class space    used 5227K, capacity 5629K, committed 5632K, reserved 1048576K
}
Event: 337.489 GC heap before
{Heap before GC invocations=98 (full 0):
 garbage-first heap   total 70656K, used 64447K [0x0000000080000000, 0x0000000100000000)
  region size 1024K, 3 young (3072K), 1 survivors (1024K)
 Metaspace       used 40765K, capacity 41869K, committed 41904K, reserved 1085440K
  class space    used 5227K, capacity 5629K, committed 5632K, reserved 1048576K
}
Event: 337.494 GC heap after
{Heap after GC invocations=99 (full 0):
 garbage-first heap   total 70656K, used 62636K [0x0000000080000000, 0x0000000100000000)
  region size 1024K, 1 young (1024K), 1 survivors (1024K)
 Metaspace       used 40765K, capacity 41869K, committed 41904K, reserved 1085440K
  class space    used 5227K, capacity 5629K, committed 5632K, reserved 1048576K
}
Event: 341.054 GC heap before
{Heap before GC invocations=100 (full 0):
 garbage-first heap   total 70656K, used 64684K [0x0000000080000000, 0x0000000100000000)
  region size 1024K, 3 young (3072K), 1 survivors (1024K)
 Metaspace       used 40890K, capacity 42030K, committed 42288K, reserved 1085440K
  class space    used 5241K, capacity 5661K, committed 5760K, reserved 1048576K
}
Event: 341.057 GC heap after
{Heap after GC invocations=101 (full 0):
 garbage-first heap   total 70656K, used 62709K [0x0000000080000000, 0x0000000100000000)
  region size 1024K, 1 young (1024K), 1 survivors (1024K)
 Metaspace       used 40890K, capacity 42030K, committed 42288K, reserved 1085440K
  class space    used 5241K, capacity 5661K, committed 5760K, reserved 1048576K
}

