# JRE version: OpenJDK Runtime Environment (11.0.15) (build 11.0.15+0-b2043.56-9505619)
# Java VM: OpenJDK 64-Bit Server VM (11.0.15+0-b2043.56-9505619, mixed mode, tiered, compressed oops, g1 gc, windows-amd64)
Heap:
 garbage-first heap   total 146432K, used 66083K [0x0000000080000000, 0x0000000100000000)
  region size 1024K, 4 young (4096K), 4 survivors (4096K)
 Metaspace       used 70278K, capacity 72164K, committed 72368K, reserved 1112064K
  class space    used 8896K, capacity 9610K, committed 9728K, reserved 1048576K
GC Heap History (20 events):
Event: 46.244 GC heap after
{Heap after GC invocations=59 (full 0):
 garbage-first heap   total 83968K, used 53227K [0x0000000080000000, 0x0000000100000000)
  region size 1024K, 2 young (2048K), 2 survivors (2048K)
 Metaspace       used 58896K, capacity 60466K, committed 60592K, reserved 1101824K
  class space    used 7458K, capacity 8091K, committed 8192K, reserved 1048576K
}
Event: 46.735 GC heap before
{Heap before GC invocations=60 (full 0):
 garbage-first heap   total 83968K, used 65515K [0x0000000080000000, 0x0000000100000000)
  region size 1024K, 14 young (14336K), 2 survivors (2048K)
 Metaspace       used 60841K, capacity 62536K, committed 62640K, reserved 1103872K
  class space    used 7717K, capacity 8373K, committed 8448K, reserved 1048576K
}
Event: 46.741 GC heap after
{Heap after GC invocations=61 (full 0):
 garbage-first heap   total 101376K, used 53810K [0x0000000080000000, 0x0000000100000000)
  region size 1024K, 2 young (2048K), 2 survivors (2048K)
 Metaspace       used 60841K, capacity 62536K, committed 62640K, reserved 1103872K
  class space    used 7717K, capacity 8373K, committed 8448K, reserved 1048576K
}
Event: 46.964 GC heap before
{Heap before GC invocations=61 (full 0):
 garbage-first heap   total 101376K, used 57906K [0x0000000080000000, 0x0000000100000000)
  region size 1024K, 8 young (8192K), 2 survivors (2048K)
 Metaspace       used 62282K, capacity 63985K, committed 64048K, reserved 1105920K
  class space    used 7864K, capacity 8535K, committed 8576K, reserved 1048576K
}
Event: 46.973 GC heap after
{Heap after GC invocations=62 (full 0):
 garbage-first heap   total 101376K, used 55258K [0x0000000080000000, 0x0000000100000000)
  region size 1024K, 3 young (3072K), 3 survivors (3072K)
 Metaspace       used 62282K, capacity 63985K, committed 64048K, reserved 1105920K
  class space    used 7864K, capacity 8535K, committed 8576K, reserved 1048576K
}
Event: 47.130 GC heap before
{Heap before GC invocations=63 (full 0):
 garbage-first heap   total 101376K, used 68570K [0x0000000080000000, 0x0000000100000000)
  region size 1024K, 13 young (13312K), 3 survivors (3072K)
 Metaspace       used 62288K, capacity 63991K, committed 64048K, reserved 1105920K
  class space    used 7864K, capacity 8536K, committed 8576K, reserved 1048576K
}
Event: 47.143 GC heap after
{Heap after GC invocations=64 (full 0):
 garbage-first heap   total 101376K, used 61895K [0x0000000080000000, 0x0000000100000000)
  region size 1024K, 3 young (3072K), 3 survivors (3072K)
 Metaspace       used 62288K, capacity 63991K, committed 64048K, reserved 1105920K
  class space    used 7864K, capacity 8536K, committed 8576K, reserved 1048576K
}
Event: 47.553 GC heap before
{Heap before GC invocations=65 (full 0):
 garbage-first heap   total 101376K, used 78279K [0x0000000080000000, 0x0000000100000000)
  region size 1024K, 17 young (17408K), 3 survivors (3072K)
 Metaspace       used 63545K, capacity 65202K, committed 65456K, reserved 1105920K
  class space    used 8025K, capacity 8700K, committed 8704K, reserved 1048576K
}
Event: 47.558 GC heap after
{Heap after GC invocations=66 (full 0):
 garbage-first heap   total 101376K, used 58668K [0x0000000080000000, 0x0000000100000000)
  region size 1024K, 1 young (1024K), 1 survivors (1024K)
 Metaspace       used 63545K, capacity 65202K, committed 65456K, reserved 1105920K
  class space    used 8025K, capacity 8700K, committed 8704K, reserved 1048576K
}
Event: 48.034 GC heap before
{Heap before GC invocations=66 (full 0):
 garbage-first heap   total 101376K, used 76076K [0x0000000080000000, 0x0000000100000000)
  region size 1024K, 18 young (18432K), 1 survivors (1024K)
 Metaspace       used 64904K, capacity 66588K, committed 66736K, reserved 1107968K
  class space    used 8184K, capacity 8836K, committed 8960K, reserved 1048576K
}
Event: 48.043 GC heap after
{Heap after GC invocations=67 (full 0):
 garbage-first heap   total 101376K, used 59476K [0x0000000080000000, 0x0000000100000000)
  region size 1024K, 2 young (2048K), 2 survivors (2048K)
 Metaspace       used 64904K, capacity 66588K, committed 66736K, reserved 1107968K
  class space    used 8184K, capacity 8836K, committed 8960K, reserved 1048576K
}
Event: 48.580 GC heap before
{Heap before GC invocations=68 (full 0):
 garbage-first heap   total 101376K, used 76884K [0x0000000080000000, 0x0000000100000000)
  region size 1024K, 19 young (19456K), 2 survivors (2048K)
 Metaspace       used 65827K, capacity 67507K, committed 67632K, reserved 1107968K
  class space    used 8301K, capacity 8970K, committed 9088K, reserved 1048576K
}
Event: 48.587 GC heap after
{Heap after GC invocations=69 (full 0):
 garbage-first heap   total 121856K, used 60946K [0x0000000080000000, 0x0000000100000000)
  region size 1024K, 3 young (3072K), 3 survivors (3072K)
 Metaspace       used 65827K, capacity 67507K, committed 67632K, reserved 1107968K
  class space    used 8301K, capacity 8970K, committed 9088K, reserved 1048576K
}
Event: 48.752 GC heap before
{Heap before GC invocations=69 (full 0):
 garbage-first heap   total 121856K, used 66066K [0x0000000080000000, 0x0000000100000000)
  region size 1024K, 9 young (9216K), 3 survivors (3072K)
 Metaspace       used 66255K, capacity 67962K, committed 68144K, reserved 1107968K
  class space    used 8367K, capacity 9035K, committed 9088K, reserved 1048576K
}
Event: 48.759 GC heap after
{Heap after GC invocations=70 (full 0):
 garbage-first heap   total 121856K, used 61486K [0x0000000080000000, 0x0000000100000000)
  region size 1024K, 2 young (2048K), 2 survivors (2048K)
 Metaspace       used 66255K, capacity 67962K, committed 68144K, reserved 1107968K
  class space    used 8367K, capacity 9035K, committed 9088K, reserved 1048576K
}
Event: 49.645 GC heap before
{Heap before GC invocations=71 (full 0):
 garbage-first heap   total 121856K, used 88110K [0x0000000080000000, 0x0000000100000000)
  region size 1024K, 27 young (27648K), 2 survivors (2048K)
 Metaspace       used 68743K, capacity 70369K, committed 70576K, reserved 1110016K
  class space    used 8696K, capacity 9361K, committed 9472K, reserved 1048576K
}
Event: 49.652 GC heap after
{Heap after GC invocations=72 (full 0):
 garbage-first heap   total 121856K, used 62204K [0x0000000080000000, 0x0000000100000000)
  region size 1024K, 3 young (3072K), 3 survivors (3072K)
 Metaspace       used 68743K, capacity 70369K, committed 70576K, reserved 1110016K
  class space    used 8696K, capacity 9361K, committed 9472K, reserved 1048576K
}
Event: 50.103 GC heap before
{Heap before GC invocations=72 (full 0):
 garbage-first heap   total 121856K, used 88828K [0x0000000080000000, 0x0000000100000000)
  region size 1024K, 29 young (29696K), 3 survivors (3072K)
 Metaspace       used 70108K, capacity 71878K, committed 71984K, reserved 1112064K
  class space    used 8860K, capacity 9536K, committed 9600K, reserved 1048576K
}
Event: 50.112 GC heap after
{Heap after GC invocations=73 (full 0):
 garbage-first heap   total 121856K, used 63881K [0x0000000080000000, 0x0000000100000000)
  region size 1024K, 3 young (3072K), 3 survivors (3072K)
 Metaspace       used 70108K, capacity 71878K, committed 71984K, reserved 1112064K
  class space    used 8860K, capacity 9536K, committed 9600K, reserved 1048576K
}
Event: 50.626 GC heap before
{Heap before GC invocations=74 (full 0):
 garbage-first heap   total 121856K, used 91529K [0x0000000080000000, 0x0000000100000000)
  region size 1024K, 30 young (30720K), 3 survivors (3072K)
 Metaspace       used 70278K, capacity 72164K, committed 72368K, reserved 1112064K
  class space    used 8896K, capacity 9610K, committed 9728K, reserved 1048576K
}

