# JRE version: OpenJDK Runtime Environment (11.0.15) (build 11.0.15+0-b2043.56-9505619)
# Java VM: OpenJDK 64-Bit Server VM (11.0.15+0-b2043.56-9505619, mixed mode, tiered, compressed oops, g1 gc, windows-amd64)
Heap:
 garbage-first heap   total 138240K, used 130935K [0x0000000080000000, 0x0000000100000000)
  region size 1024K, 2 young (2048K), 1 survivors (1024K)
 Metaspace       used 72306K, capacity 74361K, committed 74416K, reserved 1114112K
  class space    used 9205K, capacity 9981K, committed 9984K, reserved 1048576K
GC Heap History (20 events):
Event: 623.337 GC heap before
{Heap before GC invocations=208 (full 0):
 garbage-first heap   total 137216K, used 131362K [0x0000000080000000, 0x0000000100000000)
  region size 1024K, 6 young (6144K), 1 survivors (1024K)
 Metaspace       used 70246K, capacity 72230K, committed 72496K, reserved 1112064K
  class space    used 8948K, capacity 9729K, committed 9856K, reserved 1048576K
}
Event: 623.341 GC heap after
{Heap after GC invocations=209 (full 0):
 garbage-first heap   total 137216K, used 127448K [0x0000000080000000, 0x0000000100000000)
  region size 1024K, 1 young (1024K), 1 survivors (1024K)
 Metaspace       used 70246K, capacity 72230K, committed 72496K, reserved 1112064K
  class space    used 8948K, capacity 9729K, committed 9856K, reserved 1048576K
}
Event: 625.467 GC heap before
{Heap before GC invocations=210 (full 0):
 garbage-first heap   total 137216K, used 132568K [0x0000000080000000, 0x0000000100000000)
  region size 1024K, 6 young (6144K), 1 survivors (1024K)
 Metaspace       used 70709K, capacity 72626K, committed 72752K, reserved 1112064K
  class space    used 9006K, capacity 9797K, committed 9856K, reserved 1048576K
}
Event: 625.472 GC heap after
{Heap after GC invocations=211 (full 0):
 garbage-first heap   total 137216K, used 127676K [0x0000000080000000, 0x0000000100000000)
  region size 1024K, 1 young (1024K), 1 survivors (1024K)
 Metaspace       used 70709K, capacity 72626K, committed 72752K, reserved 1112064K
  class space    used 9006K, capacity 9797K, committed 9856K, reserved 1048576K
}
Event: 626.088 GC heap before
{Heap before GC invocations=211 (full 0):
 garbage-first heap   total 137216K, used 132796K [0x0000000080000000, 0x0000000100000000)
  region size 1024K, 6 young (6144K), 1 survivors (1024K)
 Metaspace       used 71192K, capacity 73138K, committed 73392K, reserved 1112064K
  class space    used 9069K, capacity 9861K, committed 9984K, reserved 1048576K
}
Event: 626.097 GC heap after
{Heap after GC invocations=212 (full 0):
 garbage-first heap   total 137216K, used 127789K [0x0000000080000000, 0x0000000100000000)
  region size 1024K, 1 young (1024K), 1 survivors (1024K)
 Metaspace       used 71192K, capacity 73138K, committed 73392K, reserved 1112064K
  class space    used 9069K, capacity 9861K, committed 9984K, reserved 1048576K
}
Event: 628.604 GC heap before
{Heap before GC invocations=213 (full 0):
 garbage-first heap   total 137216K, used 131885K [0x0000000080000000, 0x0000000100000000)
  region size 1024K, 6 young (6144K), 1 survivors (1024K)
 Metaspace       used 71684K, capacity 73661K, committed 73904K, reserved 1114112K
  class space    used 9116K, capacity 9900K, committed 9984K, reserved 1048576K
}
Event: 628.610 GC heap after
{Heap after GC invocations=214 (full 0):
 garbage-first heap   total 137216K, used 128148K [0x0000000080000000, 0x0000000100000000)
  region size 1024K, 1 young (1024K), 1 survivors (1024K)
 Metaspace       used 71684K, capacity 73661K, committed 73904K, reserved 1114112K
  class space    used 9116K, capacity 9900K, committed 9984K, reserved 1048576K
}
Event: 630.002 GC heap before
{Heap before GC invocations=214 (full 0):
 garbage-first heap   total 137216K, used 133268K [0x0000000080000000, 0x0000000100000000)
  region size 1024K, 6 young (6144K), 1 survivors (1024K)
 Metaspace       used 71981K, capacity 73949K, committed 74160K, reserved 1114112K
  class space    used 9154K, capacity 9932K, committed 9984K, reserved 1048576K
}
Event: 630.007 GC heap after
{Heap after GC invocations=215 (full 0):
 garbage-first heap   total 137216K, used 128466K [0x0000000080000000, 0x0000000100000000)
  region size 1024K, 1 young (1024K), 1 survivors (1024K)
 Metaspace       used 71981K, capacity 73949K, committed 74160K, reserved 1114112K
  class space    used 9154K, capacity 9932K, committed 9984K, reserved 1048576K
}
Event: 632.826 GC heap before
{Heap before GC invocations=216 (full 0):
 garbage-first heap   total 137216K, used 133586K [0x0000000080000000, 0x0000000100000000)
  region size 1024K, 6 young (6144K), 1 survivors (1024K)
 Metaspace       used 72103K, capacity 74193K, committed 74416K, reserved 1114112K
  class space    used 9168K, capacity 9969K, committed 9984K, reserved 1048576K
}
Event: 632.833 GC heap after
{Heap after GC invocations=217 (full 0):
 garbage-first heap   total 137216K, used 128950K [0x0000000080000000, 0x0000000100000000)
  region size 1024K, 1 young (1024K), 1 survivors (1024K)
 Metaspace       used 72103K, capacity 74193K, committed 74416K, reserved 1114112K
  class space    used 9168K, capacity 9969K, committed 9984K, reserved 1048576K
}
Event: 634.607 GC heap before
{Heap before GC invocations=217 (full 0):
 garbage-first heap   total 137216K, used 134070K [0x0000000080000000, 0x0000000100000000)
  region size 1024K, 6 young (6144K), 1 survivors (1024K)
 Metaspace       used 72126K, capacity 74205K, committed 74416K, reserved 1114112K
  class space    used 9174K, capacity 9973K, committed 9984K, reserved 1048576K
}
Event: 634.612 GC heap after
{Heap after GC invocations=218 (full 0):
 garbage-first heap   total 137216K, used 129206K [0x0000000080000000, 0x0000000100000000)
  region size 1024K, 1 young (1024K), 1 survivors (1024K)
 Metaspace       used 72126K, capacity 74205K, committed 74416K, reserved 1114112K
  class space    used 9174K, capacity 9973K, committed 9984K, reserved 1048576K
}
Event: 637.262 GC heap before
{Heap before GC invocations=219 (full 0):
 garbage-first heap   total 137216K, used 134326K [0x0000000080000000, 0x0000000100000000)
  region size 1024K, 6 young (6144K), 1 survivors (1024K)
 Metaspace       used 72237K, capacity 74269K, committed 74416K, reserved 1114112K
  class space    used 9198K, capacity 9973K, committed 9984K, reserved 1048576K
}
Event: 637.283 GC heap after
{Heap after GC invocations=220 (full 0):
 garbage-first heap   total 137216K, used 129765K [0x0000000080000000, 0x0000000100000000)
  region size 1024K, 1 young (1024K), 1 survivors (1024K)
 Metaspace       used 72237K, capacity 74269K, committed 74416K, reserved 1114112K
  class space    used 9198K, capacity 9973K, committed 9984K, reserved 1048576K
}
Event: 642.564 GC heap before
{Heap before GC invocations=220 (full 0):
 garbage-first heap   total 137216K, used 134885K [0x0000000080000000, 0x0000000100000000)
  region size 1024K, 6 young (6144K), 1 survivors (1024K)
 Metaspace       used 72272K, capacity 74275K, committed 74416K, reserved 1114112K
  class space    used 9200K, capacity 9975K, committed 9984K, reserved 1048576K
}
Event: 642.742 GC heap after
{Heap after GC invocations=221 (full 0):
 garbage-first heap   total 137216K, used 130444K [0x0000000080000000, 0x0000000100000000)
  region size 1024K, 1 young (1024K), 1 survivors (1024K)
 Metaspace       used 72272K, capacity 74275K, committed 74416K, reserved 1114112K
  class space    used 9200K, capacity 9975K, committed 9984K, reserved 1048576K
}
Event: 644.644 GC heap before
{Heap before GC invocations=222 (full 0):
 garbage-first heap   total 137216K, used 135564K [0x0000000080000000, 0x0000000100000000)
  region size 1024K, 6 young (6144K), 1 survivors (1024K)
 Metaspace       used 72305K, capacity 74361K, committed 74416K, reserved 1114112K
  class space    used 9205K, capacity 9981K, committed 9984K, reserved 1048576K
}
Event: 644.699 GC heap after
{Heap after GC invocations=223 (full 0):
 garbage-first heap   total 138240K, used 130935K [0x0000000080000000, 0x0000000100000000)
  region size 1024K, 1 young (1024K), 1 survivors (1024K)
 Metaspace       used 72305K, capacity 74361K, committed 74416K, reserved 1114112K
  class space    used 9205K, capacity 9981K, committed 9984K, reserved 1048576K
}

