# JRE version: OpenJDK Runtime Environment Zulu17.42+19-CA (17.0.7+7) (build 17.0.7+7-LTS)
# Java VM: OpenJDK 64-Bit Server VM Zulu17.42+19-CA (17.0.7+7-LTS, mixed mode, sharing, tiered, compressed oops, compressed class ptrs, g1 gc, windows-amd64)
GC Precious Log:
 CPUs: 2 total, 2 available
 Memory: 3500M
 Large Page Support: Disabled
 NUMA Support: Disabled
 Compressed Oops: Enabled (Zero based)
 Heap Region Size: 2M
 Heap Min Capacity: 8M
 Heap Initial Capacity: 56M
 Heap Max Capacity: 4G
 Pre-touch: Disabled
 Parallel Workers: 2
 Concurrent Workers: 1
 Concurrent Refinement Workers: 2
 Periodic GC: Disabled
Heap:
 garbage-first heap   total 260096K, used 197177K [0x0000000700000000, 0x0000000800000000)
  region size 2048K, 52 young (106496K), 2 survivors (4096K)
 Metaspace       used 44075K, committed 44672K, reserved 1114112K
  class space    used 6083K, committed 6336K, reserved 1048576K
GC Heap History (20 events):
Event: 14.753 GC heap before
{Heap before GC invocations=21 (full 0):
 garbage-first heap   total 102400K, used 74712K [0x0000000700000000, 0x0000000800000000)
  region size 2048K, 9 young (18432K), 1 survivors (2048K)
 Metaspace       used 25510K, committed 25856K, reserved 1114112K
  class space    used 3834K, committed 3968K, reserved 1048576K
}
Event: 14.760 GC heap after
{Heap after GC invocations=22 (full 0):
 garbage-first heap   total 102400K, used 59005K [0x0000000700000000, 0x0000000800000000)
  region size 2048K, 1 young (2048K), 1 survivors (2048K)
 Metaspace       used 25510K, committed 25856K, reserved 1114112K
  class space    used 3834K, committed 3968K, reserved 1048576K
}
Event: 16.251 GC heap before
{Heap before GC invocations=22 (full 0):
 garbage-first heap   total 102400K, used 79485K [0x0000000700000000, 0x0000000800000000)
  region size 2048K, 12 young (24576K), 1 survivors (2048K)
 Metaspace       used 31538K, committed 31936K, reserved 1114112K
  class space    used 4481K, committed 4672K, reserved 1048576K
}
Event: 16.262 GC heap after
{Heap after GC invocations=23 (full 0):
 garbage-first heap   total 102400K, used 63052K [0x0000000700000000, 0x0000000800000000)
  region size 2048K, 2 young (4096K), 2 survivors (4096K)
 Metaspace       used 31538K, committed 31936K, reserved 1114112K
  class space    used 4481K, committed 4672K, reserved 1048576K
}
Event: 16.546 GC heap before
{Heap before GC invocations=24 (full 0):
 garbage-first heap   total 110592K, used 81484K [0x0000000700000000, 0x0000000800000000)
  region size 2048K, 11 young (22528K), 2 survivors (4096K)
 Metaspace       used 31889K, committed 32320K, reserved 1114112K
  class space    used 4511K, committed 4736K, reserved 1048576K
}
Event: 16.555 GC heap after
{Heap after GC invocations=25 (full 0):
 garbage-first heap   total 110592K, used 64220K [0x0000000700000000, 0x0000000800000000)
  region size 2048K, 1 young (2048K), 1 survivors (2048K)
 Metaspace       used 31889K, committed 32320K, reserved 1114112K
  class space    used 4511K, committed 4736K, reserved 1048576K
}
Event: 16.809 GC heap before
{Heap before GC invocations=25 (full 0):
 garbage-first heap   total 110592K, used 68316K [0x0000000700000000, 0x0000000800000000)
  region size 2048K, 5 young (10240K), 1 survivors (2048K)
 Metaspace       used 32308K, committed 32768K, reserved 1114112K
  class space    used 4551K, committed 4800K, reserved 1048576K
}
Event: 16.814 GC heap after
{Heap after GC invocations=26 (full 0):
 garbage-first heap   total 110592K, used 65756K [0x0000000700000000, 0x0000000800000000)
  region size 2048K, 2 young (4096K), 2 survivors (4096K)
 Metaspace       used 32308K, committed 32768K, reserved 1114112K
  class space    used 4551K, committed 4800K, reserved 1048576K
}
Event: 17.599 GC heap before
{Heap before GC invocations=27 (full 0):
 garbage-first heap   total 120832K, used 88284K [0x0000000700000000, 0x0000000800000000)
  region size 2048K, 12 young (24576K), 2 survivors (4096K)
 Metaspace       used 35498K, committed 35904K, reserved 1114112K
  class space    used 4925K, committed 5120K, reserved 1048576K
}
Event: 17.605 GC heap after
{Heap after GC invocations=28 (full 0):
 garbage-first heap   total 120832K, used 66158K [0x0000000700000000, 0x0000000800000000)
  region size 2048K, 2 young (4096K), 2 survivors (4096K)
 Metaspace       used 35498K, committed 35904K, reserved 1114112K
  class space    used 4925K, committed 5120K, reserved 1048576K
}
Event: 18.218 GC heap before
{Heap before GC invocations=28 (full 0):
 garbage-first heap   total 120832K, used 72302K [0x0000000700000000, 0x0000000800000000)
  region size 2048K, 7 young (14336K), 2 survivors (4096K)
 Metaspace       used 36164K, committed 36608K, reserved 1114112K
  class space    used 5036K, committed 5248K, reserved 1048576K
}
Event: 18.224 GC heap after
{Heap after GC invocations=29 (full 0):
 garbage-first heap   total 120832K, used 67592K [0x0000000700000000, 0x0000000800000000)
  region size 2048K, 2 young (4096K), 2 survivors (4096K)
 Metaspace       used 36164K, committed 36608K, reserved 1114112K
  class space    used 5036K, committed 5248K, reserved 1048576K
}
Event: 18.331 GC heap before
{Heap before GC invocations=30 (full 0):
 garbage-first heap   total 120832K, used 77832K [0x0000000700000000, 0x0000000800000000)
  region size 2048K, 3 young (6144K), 2 survivors (4096K)
 Metaspace       used 36164K, committed 36608K, reserved 1114112K
  class space    used 5036K, committed 5248K, reserved 1048576K
}
Event: 18.337 GC heap after
{Heap after GC invocations=31 (full 0):
 garbage-first heap   total 120832K, used 77781K [0x0000000700000000, 0x0000000800000000)
  region size 2048K, 1 young (2048K), 1 survivors (2048K)
 Metaspace       used 36164K, committed 36608K, reserved 1114112K
  class space    used 5036K, committed 5248K, reserved 1048576K
}
Event: 18.443 GC heap before
{Heap before GC invocations=32 (full 0):
 garbage-first heap   total 133120K, used 79829K [0x0000000700000000, 0x0000000800000000)
  region size 2048K, 2 young (4096K), 1 survivors (2048K)
 Metaspace       used 36164K, committed 36608K, reserved 1114112K
  class space    used 5036K, committed 5248K, reserved 1048576K
}
Event: 18.445 GC heap after
{Heap after GC invocations=33 (full 0):
 garbage-first heap   total 133120K, used 79897K [0x0000000700000000, 0x0000000800000000)
  region size 2048K, 1 young (2048K), 1 survivors (2048K)
 Metaspace       used 36164K, committed 36608K, reserved 1114112K
  class space    used 5036K, committed 5248K, reserved 1048576K
}
Event: 18.528 GC heap before
{Heap before GC invocations=34 (full 0):
 garbage-first heap   total 137216K, used 83993K [0x0000000700000000, 0x0000000800000000)
  region size 2048K, 2 young (4096K), 1 survivors (2048K)
 Metaspace       used 36164K, committed 36608K, reserved 1114112K
  class space    used 5036K, committed 5248K, reserved 1048576K
}
Event: 18.531 GC heap after
{Heap after GC invocations=35 (full 0):
 garbage-first heap   total 137216K, used 84280K [0x0000000700000000, 0x0000000800000000)
  region size 2048K, 1 young (2048K), 1 survivors (2048K)
 Metaspace       used 36164K, committed 36608K, reserved 1114112K
  class space    used 5036K, committed 5248K, reserved 1048576K
}
Event: 18.601 GC heap before
{Heap before GC invocations=36 (full 0):
 garbage-first heap   total 143360K, used 86328K [0x0000000700000000, 0x0000000800000000)
  region size 2048K, 2 young (4096K), 1 survivors (2048K)
 Metaspace       used 36164K, committed 36608K, reserved 1114112K
  class space    used 5036K, committed 5248K, reserved 1048576K
}
Event: 18.605 GC heap after
{Heap after GC invocations=37 (full 0):
 garbage-first heap   total 260096K, used 86585K [0x0000000700000000, 0x0000000800000000)
  region size 2048K, 2 young (4096K), 2 survivors (4096K)
 Metaspace       used 36164K, committed 36608K, reserved 1114112K
  class space    used 5036K, committed 5248K, reserved 1048576K
}

