# JRE version: OpenJDK Runtime Environment (11.0.15) (build 11.0.15+0-b2043.56-9505619)
# Java VM: OpenJDK 64-Bit Server VM (11.0.15+0-b2043.56-9505619, mixed mode, tiered, compressed oops, g1 gc, windows-amd64)
Heap:
 garbage-first heap   total 69632K, used 54530K [0x0000000080000000, 0x0000000100000000)
  region size 1024K, 1 young (1024K), 1 survivors (1024K)
 Metaspace       used 29089K, capacity 30035K, committed 30256K, reserved 1075200K
  class space    used 3803K, capacity 4140K, committed 4224K, reserved 1048576K
GC Heap History (20 events):
Event: 325.883 GC heap after
{Heap after GC invocations=18 (full 0):
 garbage-first heap   total 57344K, used 34195K [0x0000000080000000, 0x0000000100000000)
  region size 1024K, 1 young (1024K), 1 survivors (1024K)
 Metaspace       used 28400K, capacity 29293K, committed 29616K, reserved 1075200K
  class space    used 3701K, capacity 4018K, committed 4096K, reserved 1048576K
}
Event: 326.634 GC heap before
{Heap before GC invocations=19 (full 0):
 garbage-first heap   total 57344K, used 44435K [0x0000000080000000, 0x0000000100000000)
  region size 1024K, 2 young (2048K), 1 survivors (1024K)
 Metaspace       used 28400K, capacity 29293K, committed 29616K, reserved 1075200K
  class space    used 3701K, capacity 4018K, committed 4096K, reserved 1048576K
}
Event: 326.648 GC heap after
{Heap after GC invocations=20 (full 0):
 garbage-first heap   total 57344K, used 44849K [0x0000000080000000, 0x0000000100000000)
  region size 1024K, 1 young (1024K), 1 survivors (1024K)
 Metaspace       used 28400K, capacity 29293K, committed 29616K, reserved 1075200K
  class space    used 3701K, capacity 4018K, committed 4096K, reserved 1048576K
}
Event: 329.676 GC heap before
{Heap before GC invocations=21 (full 0):
 garbage-first heap   total 57344K, used 53041K [0x0000000080000000, 0x0000000100000000)
  region size 1024K, 3 young (3072K), 1 survivors (1024K)
 Metaspace       used 28497K, capacity 29353K, committed 29616K, reserved 1075200K
  class space    used 3713K, capacity 4028K, committed 4096K, reserved 1048576K
}
Event: 329.682 GC heap after
{Heap after GC invocations=22 (full 0):
 garbage-first heap   total 57344K, used 52810K [0x0000000080000000, 0x0000000100000000)
  region size 1024K, 1 young (1024K), 1 survivors (1024K)
 Metaspace       used 28497K, capacity 29353K, committed 29616K, reserved 1075200K
  class space    used 3713K, capacity 4028K, committed 4096K, reserved 1048576K
}
Event: 329.773 GC heap before
{Heap before GC invocations=22 (full 0):
 garbage-first heap   total 57344K, used 52810K [0x0000000080000000, 0x0000000100000000)
  region size 1024K, 2 young (2048K), 1 survivors (1024K)
 Metaspace       used 28502K, capacity 29353K, committed 29616K, reserved 1075200K
  class space    used 3713K, capacity 4028K, committed 4096K, reserved 1048576K
}
Event: 329.780 GC heap after
{Heap after GC invocations=23 (full 0):
 garbage-first heap   total 57344K, used 53927K [0x0000000080000000, 0x0000000100000000)
  region size 1024K, 1 young (1024K), 1 survivors (1024K)
 Metaspace       used 28502K, capacity 29353K, committed 29616K, reserved 1075200K
  class space    used 3713K, capacity 4028K, committed 4096K, reserved 1048576K
}
Event: 332.035 GC heap before
{Heap before GC invocations=24 (full 0):
 garbage-first heap   total 57344K, used 54951K [0x0000000080000000, 0x0000000100000000)
  region size 1024K, 2 young (2048K), 1 survivors (1024K)
 Metaspace       used 28529K, capacity 29449K, committed 29616K, reserved 1075200K
  class space    used 3720K, capacity 4060K, committed 4096K, reserved 1048576K
}
Event: 332.238 GC heap after
{Heap after GC invocations=25 (full 0):
 garbage-first heap   total 57344K, used 54412K [0x0000000080000000, 0x0000000100000000)
  region size 1024K, 1 young (1024K), 1 survivors (1024K)
 Metaspace       used 28529K, capacity 29449K, committed 29616K, reserved 1075200K
  class space    used 3720K, capacity 4060K, committed 4096K, reserved 1048576K
}
Event: 333.515 GC heap before
{Heap before GC invocations=25 (full 0):
 garbage-first heap   total 57344K, used 55436K [0x0000000080000000, 0x0000000100000000)
  region size 1024K, 2 young (2048K), 1 survivors (1024K)
 Metaspace       used 28594K, capacity 29503K, committed 29616K, reserved 1075200K
  class space    used 3733K, capacity 4069K, committed 4096K, reserved 1048576K
}
Event: 333.533 GC heap after
{Heap after GC invocations=26 (full 0):
 garbage-first heap   total 57344K, used 54452K [0x0000000080000000, 0x0000000100000000)
  region size 1024K, 1 young (1024K), 1 survivors (1024K)
 Metaspace       used 28594K, capacity 29503K, committed 29616K, reserved 1075200K
  class space    used 3733K, capacity 4069K, committed 4096K, reserved 1048576K
}
Event: 333.638 GC heap before
{Heap before GC invocations=27 (full 0):
 garbage-first heap   total 57344K, used 55476K [0x0000000080000000, 0x0000000100000000)
  region size 1024K, 2 young (2048K), 1 survivors (1024K)
 Metaspace       used 28665K, capacity 29515K, committed 29616K, reserved 1075200K
  class space    used 3744K, capacity 4073K, committed 4096K, reserved 1048576K
}
Event: 333.642 GC heap after
{Heap after GC invocations=28 (full 0):
 garbage-first heap   total 57344K, used 54483K [0x0000000080000000, 0x0000000100000000)
  region size 1024K, 1 young (1024K), 1 survivors (1024K)
 Metaspace       used 28665K, capacity 29515K, committed 29616K, reserved 1075200K
  class space    used 3744K, capacity 4073K, committed 4096K, reserved 1048576K
}
Event: 335.424 GC heap before
{Heap before GC invocations=28 (full 0):
 garbage-first heap   total 57344K, used 55507K [0x0000000080000000, 0x0000000100000000)
  region size 1024K, 2 young (2048K), 1 survivors (1024K)
 Metaspace       used 28779K, capacity 29643K, committed 29872K, reserved 1075200K
  class space    used 3765K, capacity 4073K, committed 4096K, reserved 1048576K
}
Event: 335.429 GC heap after
{Heap after GC invocations=29 (full 0):
 garbage-first heap   total 57344K, used 54492K [0x0000000080000000, 0x0000000100000000)
  region size 1024K, 1 young (1024K), 1 survivors (1024K)
 Metaspace       used 28779K, capacity 29643K, committed 29872K, reserved 1075200K
  class space    used 3765K, capacity 4073K, committed 4096K, reserved 1048576K
}
Event: 336.480 GC heap before
{Heap before GC invocations=30 (full 0):
 garbage-first heap   total 57344K, used 55516K [0x0000000080000000, 0x0000000100000000)
  region size 1024K, 2 young (2048K), 1 survivors (1024K)
 Metaspace       used 28861K, capacity 29811K, committed 30000K, reserved 1075200K
  class space    used 3784K, capacity 4108K, committed 4224K, reserved 1048576K
}
Event: 336.484 GC heap after
{Heap after GC invocations=31 (full 0):
 garbage-first heap   total 57344K, used 54537K [0x0000000080000000, 0x0000000100000000)
  region size 1024K, 1 young (1024K), 1 survivors (1024K)
 Metaspace       used 28861K, capacity 29811K, committed 30000K, reserved 1075200K
  class space    used 3784K, capacity 4108K, committed 4224K, reserved 1048576K
}
Event: 337.548 GC heap before
{Heap before GC invocations=31 (full 0):
 garbage-first heap   total 57344K, used 55561K [0x0000000080000000, 0x0000000100000000)
  region size 1024K, 2 young (2048K), 1 survivors (1024K)
 Metaspace       used 28928K, capacity 29843K, committed 30000K, reserved 1075200K
  class space    used 3792K, capacity 4140K, committed 4224K, reserved 1048576K
}
Event: 337.550 GC heap after
{Heap after GC invocations=32 (full 0):
 garbage-first heap   total 57344K, used 54547K [0x0000000080000000, 0x0000000100000000)
  region size 1024K, 1 young (1024K), 1 survivors (1024K)
 Metaspace       used 28928K, capacity 29843K, committed 30000K, reserved 1075200K
  class space    used 3792K, capacity 4140K, committed 4224K, reserved 1048576K
}
Event: 338.480 GC heap before
{Heap before GC invocations=33 (full 0):
 garbage-first heap   total 57344K, used 55571K [0x0000000080000000, 0x0000000100000000)
  region size 1024K, 2 young (2048K), 1 survivors (1024K)
 Metaspace       used 29089K, capacity 30035K, committed 30256K, reserved 1075200K
  class space    used 3803K, capacity 4140K, committed 4224K, reserved 1048576K
}

