# JRE version: OpenJDK Runtime Environment (11.0.15) (build 11.0.15+0-b2043.56-9505619)
# Java VM: OpenJDK 64-Bit Server VM (11.0.15+0-b2043.56-9505619, mixed mode, tiered, compressed oops, g1 gc, windows-amd64)
Heap:
 garbage-first heap   total 285696K, used 157696K [0x0000000080000000, 0x0000000100000000)
  region size 1024K, 8 young (8192K), 8 survivors (8192K)
 Metaspace       used 97820K, capacity 100443K, committed 100784K, reserved 1136640K
  class space    used 12649K, capacity 13715K, committed 13824K, reserved 1048576K
GC Heap History (20 events):
Event: 42.258 GC heap after
{Heap after GC invocations=70 (full 0):
 garbage-first heap   total 176128K, used 69317K [0x0000000080000000, 0x0000000100000000)
  region size 1024K, 5 young (5120K), 5 survivors (5120K)
 Metaspace       used 76897K, capacity 78692K, committed 79024K, reserved 1118208K
  class space    used 9949K, capacity 10640K, committed 10752K, reserved 1048576K
}
Event: 45.730 GC heap before
{Heap before GC invocations=70 (full 0):
 garbage-first heap   total 176128K, used 118469K [0x0000000080000000, 0x0000000100000000)
  region size 1024K, 53 young (54272K), 5 survivors (5120K)
 Metaspace       used 81145K, capacity 83117K, committed 83248K, reserved 1122304K
  class space    used 10492K, capacity 11269K, committed 11392K, reserved 1048576K
}
Event: 45.780 GC heap after
{Heap after GC invocations=71 (full 0):
 garbage-first heap   total 176128K, used 73081K [0x0000000080000000, 0x0000000100000000)
  region size 1024K, 6 young (6144K), 6 survivors (6144K)
 Metaspace       used 81145K, capacity 83117K, committed 83248K, reserved 1122304K
  class space    used 10492K, capacity 11269K, committed 11392K, reserved 1048576K
}
Event: 47.813 GC heap before
{Heap before GC invocations=71 (full 0):
 garbage-first heap   total 176128K, used 126329K [0x0000000080000000, 0x0000000100000000)
  region size 1024K, 58 young (59392K), 6 survivors (6144K)
 Metaspace       used 86314K, capacity 88408K, committed 88624K, reserved 1126400K
  class space    used 11194K, capacity 12047K, committed 12160K, reserved 1048576K
}
Event: 47.853 GC heap after
{Heap after GC invocations=72 (full 0):
 garbage-first heap   total 176128K, used 77229K [0x0000000080000000, 0x0000000100000000)
  region size 1024K, 8 young (8192K), 8 survivors (8192K)
 Metaspace       used 86314K, capacity 88408K, committed 88624K, reserved 1126400K
  class space    used 11194K, capacity 12047K, committed 12160K, reserved 1048576K
}
Event: 48.904 GC heap before
{Heap before GC invocations=72 (full 0):
 garbage-first heap   total 176128K, used 131501K [0x0000000080000000, 0x0000000100000000)
  region size 1024K, 61 young (62464K), 8 survivors (8192K)
 Metaspace       used 87501K, capacity 89659K, committed 89776K, reserved 1126400K
  class space    used 11344K, capacity 12182K, committed 12288K, reserved 1048576K
}
Event: 48.989 GC heap after
{Heap after GC invocations=73 (full 0):
 garbage-first heap   total 176128K, used 82944K [0x0000000080000000, 0x0000000100000000)
  region size 1024K, 8 young (8192K), 8 survivors (8192K)
 Metaspace       used 87501K, capacity 89659K, committed 89776K, reserved 1126400K
  class space    used 11344K, capacity 12182K, committed 12288K, reserved 1048576K
}
Event: 50.771 GC heap before
{Heap before GC invocations=73 (full 0):
 garbage-first heap   total 176128K, used 136192K [0x0000000080000000, 0x0000000100000000)
  region size 1024K, 60 young (61440K), 8 survivors (8192K)
 Metaspace       used 89307K, capacity 91685K, committed 91952K, reserved 1128448K
  class space    used 11663K, capacity 12586K, committed 12672K, reserved 1048576K
}
Event: 50.859 GC heap after
{Heap after GC invocations=74 (full 0):
 garbage-first heap   total 225280K, used 90030K [0x0000000080000000, 0x0000000100000000)
  region size 1024K, 7 young (7168K), 7 survivors (7168K)
 Metaspace       used 89307K, capacity 91685K, committed 91952K, reserved 1128448K
  class space    used 11663K, capacity 12586K, committed 12672K, reserved 1048576K
}
Event: 55.723 GC heap before
{Heap before GC invocations=74 (full 0):
 garbage-first heap   total 225280K, used 153518K [0x0000000080000000, 0x0000000100000000)
  region size 1024K, 70 young (71680K), 7 survivors (7168K)
 Metaspace       used 90409K, capacity 92752K, committed 93104K, reserved 1130496K
  class space    used 11739K, capacity 12674K, committed 12800K, reserved 1048576K
}
Event: 55.795 GC heap after
{Heap after GC invocations=75 (full 0):
 garbage-first heap   total 225280K, used 95232K [0x0000000080000000, 0x0000000100000000)
  region size 1024K, 6 young (6144K), 6 survivors (6144K)
 Metaspace       used 90409K, capacity 92752K, committed 93104K, reserved 1130496K
  class space    used 11739K, capacity 12674K, committed 12800K, reserved 1048576K
}
Event: 59.524 GC heap before
{Heap before GC invocations=75 (full 0):
 garbage-first heap   total 225280K, used 168960K [0x0000000080000000, 0x0000000100000000)
  region size 1024K, 79 young (80896K), 6 survivors (6144K)
 Metaspace       used 91017K, capacity 93447K, committed 93616K, reserved 1130496K
  class space    used 11781K, capacity 12733K, committed 12800K, reserved 1048576K
}
Event: 59.585 GC heap after
{Heap after GC invocations=76 (full 0):
 garbage-first heap   total 225280K, used 100864K [0x0000000080000000, 0x0000000100000000)
  region size 1024K, 6 young (6144K), 6 survivors (6144K)
 Metaspace       used 91017K, capacity 93447K, committed 93616K, reserved 1130496K
  class space    used 11781K, capacity 12733K, committed 12800K, reserved 1048576K
}
Event: 63.002 GC heap before
{Heap before GC invocations=76 (full 0):
 garbage-first heap   total 225280K, used 174592K [0x0000000080000000, 0x0000000100000000)
  region size 1024K, 79 young (80896K), 6 survivors (6144K)
 Metaspace       used 91855K, capacity 94372K, committed 94512K, reserved 1130496K
  class space    used 11897K, capacity 12847K, committed 12928K, reserved 1048576K
}
Event: 63.037 GC heap after
{Heap after GC invocations=77 (full 0):
 garbage-first heap   total 225280K, used 104951K [0x0000000080000000, 0x0000000100000000)
  region size 1024K, 5 young (5120K), 5 survivors (5120K)
 Metaspace       used 91855K, capacity 94372K, committed 94512K, reserved 1130496K
  class space    used 11897K, capacity 12847K, committed 12928K, reserved 1048576K
}
Event: 65.063 GC heap before
{Heap before GC invocations=77 (full 0):
 garbage-first heap   total 225280K, used 152055K [0x0000000080000000, 0x0000000100000000)
  region size 1024K, 53 young (54272K), 5 survivors (5120K)
 Metaspace       used 93061K, capacity 95577K, committed 95920K, reserved 1132544K
  class space    used 11991K, capacity 12939K, committed 13056K, reserved 1048576K
}
Event: 65.092 GC heap after
{Heap after GC invocations=78 (full 0):
 garbage-first heap   total 225280K, used 106909K [0x0000000080000000, 0x0000000100000000)
  region size 1024K, 7 young (7168K), 7 survivors (7168K)
 Metaspace       used 93061K, capacity 95577K, committed 95920K, reserved 1132544K
  class space    used 11991K, capacity 12939K, committed 13056K, reserved 1048576K
}
Event: 66.974 GC heap before
{Heap before GC invocations=79 (full 0):
 garbage-first heap   total 225280K, used 149917K [0x0000000080000000, 0x0000000100000000)
  region size 1024K, 38 young (38912K), 7 survivors (7168K)
 Metaspace       used 97533K, capacity 100177K, committed 100400K, reserved 1136640K
  class space    used 12605K, capacity 13649K, committed 13696K, reserved 1048576K
}
Event: 67.023 GC heap after
{Heap after GC invocations=80 (full 0):
 garbage-first heap   total 225280K, used 127462K [0x0000000080000000, 0x0000000100000000)
  region size 1024K, 10 young (10240K), 10 survivors (10240K)
 Metaspace       used 97533K, capacity 100177K, committed 100400K, reserved 1136640K
  class space    used 12605K, capacity 13649K, committed 13696K, reserved 1048576K
}
Event: 68.586 GC heap before
{Heap before GC invocations=81 (full 0):
 garbage-first heap   total 225280K, used 209382K [0x0000000080000000, 0x0000000100000000)
  region size 1024K, 59 young (60416K), 10 survivors (10240K)
 Metaspace       used 97820K, capacity 100443K, committed 100784K, reserved 1136640K
  class space    used 12649K, capacity 13715K, committed 13824K, reserved 1048576K
}

