# JRE version: OpenJDK Runtime Environment (11.0.15) (build 11.0.15+0-b2043.56-9505619)
# Java VM: OpenJDK 64-Bit Server VM (11.0.15+0-b2043.56-9505619, mixed mode, tiered, compressed oops, g1 gc, windows-amd64)
Heap:
 garbage-first heap   total 592896K, used 392928K [0x0000000080000000, 0x0000000100000000)
  region size 1024K, 14 young (14336K), 3 survivors (3072K)
 Metaspace       used 154996K, capacity 159629K, committed 159664K, reserved 1187840K
  class space    used 19309K, capacity 20988K, committed 20992K, reserved 1048576K
GC Heap History (20 events):
Event: 278.514 GC heap before
{Heap before GC invocations=195 (full 0):
 garbage-first heap   total 529408K, used 459840K [0x0000000080000000, 0x0000000100000000)
  region size 1024K, 35 young (35840K), 3 survivors (3072K)
 Metaspace       used 149030K, capacity 153532K, committed 153648K, reserved 1183744K
  class space    used 18584K, capacity 20250K, committed 20352K, reserved 1048576K
}
Event: 278.540 GC heap after
{Heap after GC invocations=196 (full 0):
 garbage-first heap   total 529408K, used 430811K [0x0000000080000000, 0x0000000100000000)
  region size 1024K, 5 young (5120K), 5 survivors (5120K)
 Metaspace       used 149030K, capacity 153532K, committed 153648K, reserved 1183744K
  class space    used 18584K, capacity 20250K, committed 20352K, reserved 1048576K
}
Event: 278.643 GC heap before
{Heap before GC invocations=196 (full 0):
 garbage-first heap   total 529408K, used 459483K [0x0000000080000000, 0x0000000100000000)
  region size 1024K, 34 young (34816K), 5 survivors (5120K)
 Metaspace       used 149030K, capacity 153532K, committed 153648K, reserved 1183744K
  class space    used 18584K, capacity 20250K, committed 20352K, reserved 1048576K
}
Event: 278.672 GC heap after
{Heap after GC invocations=197 (full 0):
 garbage-first heap   total 529408K, used 437085K [0x0000000080000000, 0x0000000100000000)
  region size 1024K, 5 young (5120K), 5 survivors (5120K)
 Metaspace       used 149030K, capacity 153532K, committed 153648K, reserved 1183744K
  class space    used 18584K, capacity 20250K, committed 20352K, reserved 1048576K
}
Event: 278.830 GC heap before
{Heap before GC invocations=197 (full 0):
 garbage-first heap   total 529408K, used 462685K [0x0000000080000000, 0x0000000100000000)
  region size 1024K, 29 young (29696K), 5 survivors (5120K)
 Metaspace       used 149030K, capacity 153532K, committed 153648K, reserved 1183744K
  class space    used 18584K, capacity 20250K, committed 20352K, reserved 1048576K
}
Event: 278.854 GC heap after
{Heap after GC invocations=198 (full 0):
 garbage-first heap   total 529408K, used 441614K [0x0000000080000000, 0x0000000100000000)
  region size 1024K, 4 young (4096K), 4 survivors (4096K)
 Metaspace       used 149030K, capacity 153532K, committed 153648K, reserved 1183744K
  class space    used 18584K, capacity 20250K, committed 20352K, reserved 1048576K
}
Event: 279.016 GC heap before
{Heap before GC invocations=198 (full 0):
 garbage-first heap   total 529408K, used 441614K [0x0000000080000000, 0x0000000100000000)
  region size 1024K, 5 young (5120K), 4 survivors (4096K)
 Metaspace       used 149091K, capacity 153611K, committed 153904K, reserved 1183744K
  class space    used 18584K, capacity 20250K, committed 20352K, reserved 1048576K
}
Event: 279.051 GC heap after
{Heap after GC invocations=199 (full 0):
 garbage-first heap   total 529408K, used 441918K [0x0000000080000000, 0x0000000100000000)
  region size 1024K, 1 young (1024K), 1 survivors (1024K)
 Metaspace       used 149091K, capacity 153611K, committed 153904K, reserved 1183744K
  class space    used 18584K, capacity 20250K, committed 20352K, reserved 1048576K
}
Event: 281.865 GC heap before
{Heap before GC invocations=199 (full 0):
 garbage-first heap   total 529408K, used 451134K [0x0000000080000000, 0x0000000100000000)
  region size 1024K, 25 young (25600K), 1 survivors (1024K)
 Metaspace       used 149085K, capacity 153593K, committed 153904K, reserved 1183744K
  class space    used 18581K, capacity 20244K, committed 20352K, reserved 1048576K
}
Event: 281.880 GC heap after
{Heap after GC invocations=200 (full 0):
 garbage-first heap   total 529408K, used 427151K [0x0000000080000000, 0x0000000100000000)
  region size 1024K, 2 young (2048K), 2 survivors (2048K)
 Metaspace       used 149085K, capacity 153593K, committed 153904K, reserved 1183744K
  class space    used 18581K, capacity 20244K, committed 20352K, reserved 1048576K
}
Event: 283.375 GC heap before
{Heap before GC invocations=201 (full 0):
 garbage-first heap   total 529408K, used 457871K [0x0000000080000000, 0x0000000100000000)
  region size 1024K, 32 young (32768K), 2 survivors (2048K)
 Metaspace       used 149095K, capacity 153600K, committed 153904K, reserved 1183744K
  class space    used 18581K, capacity 20244K, committed 20352K, reserved 1048576K
}
Event: 283.379 GC heap after
{Heap after GC invocations=202 (full 0):
 garbage-first heap   total 529408K, used 426063K [0x0000000080000000, 0x0000000100000000)
  region size 1024K, 1 young (1024K), 1 survivors (1024K)
 Metaspace       used 149095K, capacity 153600K, committed 153904K, reserved 1183744K
  class space    used 18581K, capacity 20244K, committed 20352K, reserved 1048576K
}
Event: 285.544 GC heap before
{Heap before GC invocations=202 (full 0):
 garbage-first heap   total 529408K, used 449615K [0x0000000080000000, 0x0000000100000000)
  region size 1024K, 25 young (25600K), 1 survivors (1024K)
 Metaspace       used 149309K, capacity 153868K, committed 154160K, reserved 1183744K
  class space    used 18604K, capacity 20269K, committed 20352K, reserved 1048576K
}
Event: 285.823 GC heap after
{Heap after GC invocations=203 (full 0):
 garbage-first heap   total 529408K, used 377415K [0x0000000080000000, 0x0000000100000000)
  region size 1024K, 1 young (1024K), 1 survivors (1024K)
 Metaspace       used 149309K, capacity 153868K, committed 154160K, reserved 1183744K
  class space    used 18604K, capacity 20269K, committed 20352K, reserved 1048576K
}
Event: 348.191 GC heap before
{Heap before GC invocations=203 (full 0):
 garbage-first heap   total 529408K, used 400967K [0x0000000080000000, 0x0000000100000000)
  region size 1024K, 25 young (25600K), 1 survivors (1024K)
 Metaspace       used 149669K, capacity 154122K, committed 154416K, reserved 1183744K
  class space    used 18646K, capacity 20281K, committed 20352K, reserved 1048576K
}
Event: 348.696 GC heap after
{Heap after GC invocations=204 (full 0):
 garbage-first heap   total 592896K, used 377587K [0x0000000080000000, 0x0000000100000000)
  region size 1024K, 3 young (3072K), 3 survivors (3072K)
 Metaspace       used 149669K, capacity 154122K, committed 154416K, reserved 1183744K
  class space    used 18646K, capacity 20281K, committed 20352K, reserved 1048576K
}
Event: 352.250 GC heap before
{Heap before GC invocations=204 (full 0):
 garbage-first heap   total 592896K, used 403187K [0x0000000080000000, 0x0000000100000000)
  region size 1024K, 28 young (28672K), 3 survivors (3072K)
 Metaspace       used 152244K, capacity 156750K, committed 156848K, reserved 1185792K
  class space    used 18967K, capacity 20640K, committed 20736K, reserved 1048576K
}
Event: 352.294 GC heap after
{Heap after GC invocations=205 (full 0):
 garbage-first heap   total 592896K, used 380418K [0x0000000080000000, 0x0000000100000000)
  region size 1024K, 3 young (3072K), 3 survivors (3072K)
 Metaspace       used 152244K, capacity 156750K, committed 156848K, reserved 1185792K
  class space    used 18967K, capacity 20640K, committed 20736K, reserved 1048576K
}
Event: 358.253 GC heap before
{Heap before GC invocations=205 (full 0):
 garbage-first heap   total 592896K, used 406018K [0x0000000080000000, 0x0000000100000000)
  region size 1024K, 29 young (29696K), 3 survivors (3072K)
 Metaspace       used 154919K, capacity 159538K, committed 159664K, reserved 1187840K
  class space    used 19306K, capacity 20983K, committed 20992K, reserved 1048576K
}
Event: 358.291 GC heap after
{Heap after GC invocations=206 (full 0):
 garbage-first heap   total 592896K, used 382688K [0x0000000080000000, 0x0000000100000000)
  region size 1024K, 3 young (3072K), 3 survivors (3072K)
 Metaspace       used 154919K, capacity 159538K, committed 159664K, reserved 1187840K
  class space    used 19306K, capacity 20983K, committed 20992K, reserved 1048576K
}

