# JRE version: OpenJDK Runtime Environment (11.0.15) (build 11.0.15+0-b2043.56-9505619)
# Java VM: OpenJDK 64-Bit Server VM (11.0.15+0-b2043.56-9505619, mixed mode, tiered, compressed oops, g1 gc, windows-amd64)
Heap:
 garbage-first heap   total 146432K, used 102516K [0x0000000080000000, 0x0000000100000000)
  region size 1024K, 31 young (31744K), 6 survivors (6144K)
 Metaspace       used 84721K, capacity 86693K, committed 86960K, reserved 1124352K
  class space    used 10982K, capacity 11748K, committed 11776K, reserved 1048576K
GC Heap History (20 events):
Event: 51.534 GC heap before
{Heap before GC invocations=47 (full 0):
 garbage-first heap   total 121856K, used 66138K [0x0000000080000000, 0x0000000100000000)
  region size 1024K, 4 young (4096K), 3 survivors (3072K)
 Metaspace       used 67606K, capacity 69263K, committed 69552K, reserved 1110016K
  class space    used 8535K, capacity 9169K, committed 9216K, reserved 1048576K
}
Event: 51.541 GC heap after
{Heap after GC invocations=48 (full 0):
 garbage-first heap   total 121856K, used 64965K [0x0000000080000000, 0x0000000100000000)
  region size 1024K, 1 young (1024K), 1 survivors (1024K)
 Metaspace       used 67606K, capacity 69263K, committed 69552K, reserved 1110016K
  class space    used 8535K, capacity 9169K, committed 9216K, reserved 1048576K
}
Event: 52.256 GC heap before
{Heap before GC invocations=49 (full 0):
 garbage-first heap   total 121856K, used 72133K [0x0000000080000000, 0x0000000100000000)
  region size 1024K, 7 young (7168K), 1 survivors (1024K)
 Metaspace       used 67614K, capacity 69269K, committed 69552K, reserved 1110016K
  class space    used 8535K, capacity 9170K, committed 9216K, reserved 1048576K
}
Event: 52.262 GC heap after
{Heap after GC invocations=50 (full 0):
 garbage-first heap   total 121856K, used 67966K [0x0000000080000000, 0x0000000100000000)
  region size 1024K, 3 young (3072K), 3 survivors (3072K)
 Metaspace       used 67614K, capacity 69269K, committed 69552K, reserved 1110016K
  class space    used 8535K, capacity 9170K, committed 9216K, reserved 1048576K
}
Event: 56.408 GC heap before
{Heap before GC invocations=51 (full 0):
 garbage-first heap   total 121856K, used 98686K [0x0000000080000000, 0x0000000100000000)
  region size 1024K, 31 young (31744K), 3 survivors (3072K)
 Metaspace       used 70055K, capacity 71764K, committed 71984K, reserved 1112064K
  class space    used 8842K, capacity 9502K, committed 9600K, reserved 1048576K
}
Event: 56.413 GC heap after
{Heap after GC invocations=52 (full 0):
 garbage-first heap   total 121856K, used 67633K [0x0000000080000000, 0x0000000100000000)
  region size 1024K, 2 young (2048K), 2 survivors (2048K)
 Metaspace       used 70055K, capacity 71764K, committed 71984K, reserved 1112064K
  class space    used 8842K, capacity 9502K, committed 9600K, reserved 1048576K
}
Event: 62.255 GC heap before
{Heap before GC invocations=52 (full 0):
 garbage-first heap   total 121856K, used 93233K [0x0000000080000000, 0x0000000100000000)
  region size 1024K, 28 young (28672K), 2 survivors (2048K)
 Metaspace       used 71533K, capacity 73338K, committed 73392K, reserved 1114112K
  class space    used 9041K, capacity 9702K, committed 9728K, reserved 1048576K
}
Event: 62.267 GC heap after
{Heap after GC invocations=53 (full 0):
 garbage-first heap   total 121856K, used 69640K [0x0000000080000000, 0x0000000100000000)
  region size 1024K, 4 young (4096K), 4 survivors (4096K)
 Metaspace       used 71533K, capacity 73338K, committed 73392K, reserved 1114112K
  class space    used 9041K, capacity 9702K, committed 9728K, reserved 1048576K
}
Event: 71.684 GC heap before
{Heap before GC invocations=54 (full 0):
 garbage-first heap   total 121856K, used 97288K [0x0000000080000000, 0x0000000100000000)
  region size 1024K, 32 young (32768K), 4 survivors (4096K)
 Metaspace       used 74333K, capacity 76064K, committed 76336K, reserved 1116160K
  class space    used 9413K, capacity 10092K, committed 10112K, reserved 1048576K
}
Event: 71.761 GC heap after
{Heap after GC invocations=55 (full 0):
 garbage-first heap   total 121856K, used 67568K [0x0000000080000000, 0x0000000100000000)
  region size 1024K, 2 young (2048K), 2 survivors (2048K)
 Metaspace       used 74333K, capacity 76064K, committed 76336K, reserved 1116160K
  class space    used 9413K, capacity 10092K, committed 10112K, reserved 1048576K
}
Event: 78.404 GC heap before
{Heap before GC invocations=55 (full 0):
 garbage-first heap   total 121856K, used 98288K [0x0000000080000000, 0x0000000100000000)
  region size 1024K, 32 young (32768K), 2 survivors (2048K)
 Metaspace       used 75466K, capacity 77192K, committed 77360K, reserved 1116160K
  class space    used 9562K, capacity 10268K, committed 10368K, reserved 1048576K
}
Event: 78.438 GC heap after
{Heap after GC invocations=56 (full 0):
 garbage-first heap   total 121856K, used 69778K [0x0000000080000000, 0x0000000100000000)
  region size 1024K, 4 young (4096K), 4 survivors (4096K)
 Metaspace       used 75466K, capacity 77192K, committed 77360K, reserved 1116160K
  class space    used 9562K, capacity 10268K, committed 10368K, reserved 1048576K
}
Event: 83.601 GC heap before
{Heap before GC invocations=57 (full 0):
 garbage-first heap   total 121856K, used 99474K [0x0000000080000000, 0x0000000100000000)
  region size 1024K, 33 young (33792K), 4 survivors (4096K)
 Metaspace       used 75551K, capacity 77511K, committed 77616K, reserved 1116160K
  class space    used 9574K, capacity 10310K, committed 10368K, reserved 1048576K
}
Event: 83.657 GC heap after
{Heap after GC invocations=58 (full 0):
 garbage-first heap   total 121856K, used 71725K [0x0000000080000000, 0x0000000100000000)
  region size 1024K, 5 young (5120K), 5 survivors (5120K)
 Metaspace       used 75551K, capacity 77511K, committed 77616K, reserved 1116160K
  class space    used 9574K, capacity 10310K, committed 10368K, reserved 1048576K
}
Event: 88.381 GC heap before
{Heap before GC invocations=58 (full 0):
 garbage-first heap   total 121856K, used 100397K [0x0000000080000000, 0x0000000100000000)
  region size 1024K, 33 young (33792K), 5 survivors (5120K)
 Metaspace       used 77163K, capacity 78968K, committed 79152K, reserved 1118208K
  class space    used 9787K, capacity 10537K, committed 10624K, reserved 1048576K
}
Event: 88.573 GC heap after
{Heap after GC invocations=59 (full 0):
 garbage-first heap   total 121856K, used 73755K [0x0000000080000000, 0x0000000100000000)
  region size 1024K, 4 young (4096K), 4 survivors (4096K)
 Metaspace       used 77163K, capacity 78968K, committed 79152K, reserved 1118208K
  class space    used 9787K, capacity 10537K, committed 10624K, reserved 1048576K
}
Event: 97.042 GC heap before
{Heap before GC invocations=60 (full 0):
 garbage-first heap   total 121856K, used 101403K [0x0000000080000000, 0x0000000100000000)
  region size 1024K, 31 young (31744K), 4 survivors (4096K)
 Metaspace       used 80612K, capacity 82562K, committed 82864K, reserved 1120256K
  class space    used 10433K, capacity 11154K, committed 11264K, reserved 1048576K
}
Event: 97.176 GC heap after
{Heap after GC invocations=61 (full 0):
 garbage-first heap   total 146432K, used 75317K [0x0000000080000000, 0x0000000100000000)
  region size 1024K, 4 young (4096K), 4 survivors (4096K)
 Metaspace       used 80612K, capacity 82562K, committed 82864K, reserved 1120256K
  class space    used 10433K, capacity 11154K, committed 11264K, reserved 1048576K
}
Event: 101.797 GC heap before
{Heap before GC invocations=61 (full 0):
 garbage-first heap   total 146432K, used 114229K [0x0000000080000000, 0x0000000100000000)
  region size 1024K, 42 young (43008K), 4 survivors (4096K)
 Metaspace       used 83011K, capacity 85013K, committed 85168K, reserved 1122304K
  class space    used 10748K, capacity 11511K, committed 11520K, reserved 1048576K
}
Event: 101.849 GC heap after
{Heap after GC invocations=62 (full 0):
 garbage-first heap   total 146432K, used 77940K [0x0000000080000000, 0x0000000100000000)
  region size 1024K, 6 young (6144K), 6 survivors (6144K)
 Metaspace       used 83011K, capacity 85013K, committed 85168K, reserved 1122304K
  class space    used 10748K, capacity 11511K, committed 11520K, reserved 1048576K
}

