# JRE version: OpenJDK Runtime Environment (11.0.15) (build 11.0.15+0-b2043.56-9505619)
# Java VM: OpenJDK 64-Bit Server VM (11.0.15+0-b2043.56-9505619, mixed mode, tiered, compressed oops, g1 gc, windows-amd64)
Heap:
 garbage-first heap   total 169984K, used 138205K [0x0000000080000000, 0x0000000100000000)
  region size 1024K, 10 young (10240K), 2 survivors (2048K)
 Metaspace       used 72322K, capacity 74372K, committed 74544K, reserved 1114112K
  class space    used 9204K, capacity 10012K, committed 10112K, reserved 1048576K
GC Heap History (20 events):
Event: 584.619 GC heap before
{Heap before GC invocations=168 (full 0):
 garbage-first heap   total 169984K, used 129766K [0x0000000080000000, 0x0000000100000000)
  region size 1024K, 2 young (2048K), 1 survivors (1024K)
 Metaspace       used 64426K, capacity 66337K, committed 66480K, reserved 1107968K
  class space    used 8187K, capacity 8940K, committed 8960K, reserved 1048576K
}
Event: 584.622 GC heap after
{Heap after GC invocations=169 (full 0):
 garbage-first heap   total 169984K, used 129162K [0x0000000080000000, 0x0000000100000000)
  region size 1024K, 1 young (1024K), 1 survivors (1024K)
 Metaspace       used 64426K, capacity 66337K, committed 66480K, reserved 1107968K
  class space    used 8187K, capacity 8940K, committed 8960K, reserved 1048576K
}
Event: 589.015 GC heap before
{Heap before GC invocations=170 (full 0):
 garbage-first heap   total 169984K, used 140426K [0x0000000080000000, 0x0000000100000000)
  region size 1024K, 11 young (11264K), 1 survivors (1024K)
 Metaspace       used 65152K, capacity 67027K, committed 67120K, reserved 1107968K
  class space    used 8298K, capacity 9039K, committed 9088K, reserved 1048576K
}
Event: 589.020 GC heap after
{Heap after GC invocations=171 (full 0):
 garbage-first heap   total 169984K, used 129340K [0x0000000080000000, 0x0000000100000000)
  region size 1024K, 1 young (1024K), 1 survivors (1024K)
 Metaspace       used 65152K, capacity 67027K, committed 67120K, reserved 1107968K
  class space    used 8298K, capacity 9039K, committed 9088K, reserved 1048576K
}
Event: 593.068 GC heap before
{Heap before GC invocations=171 (full 0):
 garbage-first heap   total 169984K, used 141628K [0x0000000080000000, 0x0000000100000000)
  region size 1024K, 13 young (13312K), 1 survivors (1024K)
 Metaspace       used 66366K, capacity 68206K, committed 68272K, reserved 1107968K
  class space    used 8432K, capacity 9171K, committed 9216K, reserved 1048576K
}
Event: 593.081 GC heap after
{Heap after GC invocations=172 (full 0):
 garbage-first heap   total 169984K, used 130195K [0x0000000080000000, 0x0000000100000000)
  region size 1024K, 2 young (2048K), 2 survivors (2048K)
 Metaspace       used 66366K, capacity 68206K, committed 68272K, reserved 1107968K
  class space    used 8432K, capacity 9171K, committed 9216K, reserved 1048576K
}
Event: 598.264 GC heap before
{Heap before GC invocations=173 (full 0):
 garbage-first heap   total 169984K, used 139411K [0x0000000080000000, 0x0000000100000000)
  region size 1024K, 14 young (14336K), 2 survivors (2048K)
 Metaspace       used 67079K, capacity 69030K, committed 69168K, reserved 1110016K
  class space    used 8515K, capacity 9272K, committed 9344K, reserved 1048576K
}
Event: 598.270 GC heap after
{Heap after GC invocations=174 (full 0):
 garbage-first heap   total 169984K, used 126717K [0x0000000080000000, 0x0000000100000000)
  region size 1024K, 2 young (2048K), 2 survivors (2048K)
 Metaspace       used 67079K, capacity 69030K, committed 69168K, reserved 1110016K
  class space    used 8515K, capacity 9272K, committed 9344K, reserved 1048576K
}
Event: 603.649 GC heap before
{Heap before GC invocations=174 (full 0):
 garbage-first heap   total 169984K, used 141053K [0x0000000080000000, 0x0000000100000000)
  region size 1024K, 16 young (16384K), 2 survivors (2048K)
 Metaspace       used 68042K, capacity 69977K, committed 70064K, reserved 1110016K
  class space    used 8663K, capacity 9438K, committed 9472K, reserved 1048576K
}
Event: 603.672 GC heap after
{Heap after GC invocations=175 (full 0):
 garbage-first heap   total 169984K, used 127620K [0x0000000080000000, 0x0000000100000000)
  region size 1024K, 2 young (2048K), 2 survivors (2048K)
 Metaspace       used 68042K, capacity 69977K, committed 70064K, reserved 1110016K
  class space    used 8663K, capacity 9438K, committed 9472K, reserved 1048576K
}
Event: 604.627 GC heap before
{Heap before GC invocations=176 (full 0):
 garbage-first heap   total 169984K, used 129668K [0x0000000080000000, 0x0000000100000000)
  region size 1024K, 5 young (5120K), 2 survivors (2048K)
 Metaspace       used 68288K, capacity 70239K, committed 70320K, reserved 1110016K
  class space    used 8685K, capacity 9439K, committed 9472K, reserved 1048576K
}
Event: 604.633 GC heap after
{Heap after GC invocations=177 (full 0):
 garbage-first heap   total 169984K, used 128118K [0x0000000080000000, 0x0000000100000000)
  region size 1024K, 2 young (2048K), 2 survivors (2048K)
 Metaspace       used 68288K, capacity 70239K, committed 70320K, reserved 1110016K
  class space    used 8685K, capacity 9439K, committed 9472K, reserved 1048576K
}
Event: 609.538 GC heap before
{Heap before GC invocations=178 (full 0):
 garbage-first heap   total 169984K, used 141430K [0x0000000080000000, 0x0000000100000000)
  region size 1024K, 15 young (15360K), 2 survivors (2048K)
 Metaspace       used 69740K, capacity 71736K, committed 71856K, reserved 1112064K
  class space    used 8871K, capacity 9657K, committed 9728K, reserved 1048576K
}
Event: 609.584 GC heap after
{Heap after GC invocations=179 (full 0):
 garbage-first heap   total 169984K, used 128444K [0x0000000080000000, 0x0000000100000000)
  region size 1024K, 1 young (1024K), 1 survivors (1024K)
 Metaspace       used 69740K, capacity 71736K, committed 71856K, reserved 1112064K
  class space    used 8871K, capacity 9657K, committed 9728K, reserved 1048576K
}
Event: 614.247 GC heap before
{Heap before GC invocations=179 (full 0):
 garbage-first heap   total 169984K, used 142780K [0x0000000080000000, 0x0000000100000000)
  region size 1024K, 15 young (15360K), 1 survivors (1024K)
 Metaspace       used 70952K, capacity 72928K, committed 73136K, reserved 1112064K
  class space    used 9039K, capacity 9861K, committed 9984K, reserved 1048576K
}
Event: 614.253 GC heap after
{Heap after GC invocations=180 (full 0):
 garbage-first heap   total 169984K, used 128716K [0x0000000080000000, 0x0000000100000000)
  region size 1024K, 2 young (2048K), 2 survivors (2048K)
 Metaspace       used 70952K, capacity 72928K, committed 73136K, reserved 1112064K
  class space    used 9039K, capacity 9861K, committed 9984K, reserved 1048576K
}
Event: 619.940 GC heap before
{Heap before GC invocations=181 (full 0):
 garbage-first heap   total 169984K, used 143052K [0x0000000080000000, 0x0000000100000000)
  region size 1024K, 16 young (16384K), 2 survivors (2048K)
 Metaspace       used 72049K, capacity 74088K, committed 74160K, reserved 1114112K
  class space    used 9158K, capacity 9963K, committed 9984K, reserved 1048576K
}
Event: 619.967 GC heap after
{Heap after GC invocations=182 (full 0):
 garbage-first heap   total 169984K, used 129674K [0x0000000080000000, 0x0000000100000000)
  region size 1024K, 2 young (2048K), 2 survivors (2048K)
 Metaspace       used 72049K, capacity 74088K, committed 74160K, reserved 1114112K
  class space    used 9158K, capacity 9963K, committed 9984K, reserved 1048576K
}
Event: 628.167 GC heap before
{Heap before GC invocations=182 (full 0):
 garbage-first heap   total 169984K, used 144010K [0x0000000080000000, 0x0000000100000000)
  region size 1024K, 16 young (16384K), 2 survivors (2048K)
 Metaspace       used 72282K, capacity 74280K, committed 74544K, reserved 1114112K
  class space    used 9197K, capacity 10004K, committed 10112K, reserved 1048576K
}
Event: 628.192 GC heap after
{Heap after GC invocations=183 (full 0):
 garbage-first heap   total 169984K, used 131037K [0x0000000080000000, 0x0000000100000000)
  region size 1024K, 2 young (2048K), 2 survivors (2048K)
 Metaspace       used 72282K, capacity 74280K, committed 74544K, reserved 1114112K
  class space    used 9197K, capacity 10004K, committed 10112K, reserved 1048576K
}

