# JRE version: OpenJDK Runtime Environment (11.0.15) (build 11.0.15+0-b2043.56-9505619)
# Java VM: OpenJDK 64-Bit Server VM (11.0.15+0-b2043.56-9505619, mixed mode, tiered, compressed oops, g1 gc, windows-amd64)
Heap:
 garbage-first heap   total 220160K, used 184763K [0x0000000080000000, 0x0000000100000000)
  region size 1024K, 3 young (3072K), 2 survivors (2048K)
 Metaspace       used 98821K, capacity 101714K, committed 101808K, reserved 1136640K
  class space    used 12751K, capacity 13814K, committed 13824K, reserved 1048576K
GC Heap History (20 events):
Event: 276.337 GC heap before
{Heap before GC invocations=197 (full 0):
 garbage-first heap   total 220160K, used 180105K [0x0000000080000000, 0x0000000100000000)
  region size 1024K, 5 young (5120K), 1 survivors (1024K)
 Metaspace       used 86829K, capacity 89304K, committed 89520K, reserved 1126400K
  class space    used 11294K, capacity 12272K, committed 12288K, reserved 1048576K
}
Event: 276.340 GC heap after
{Heap after GC invocations=198 (full 0):
 garbage-first heap   total 220160K, used 177625K [0x0000000080000000, 0x0000000100000000)
  region size 1024K, 2 young (2048K), 2 survivors (2048K)
 Metaspace       used 86829K, capacity 89304K, committed 89520K, reserved 1126400K
  class space    used 11294K, capacity 12272K, committed 12288K, reserved 1048576K
}
Event: 279.891 GC heap before
{Heap before GC invocations=199 (full 0):
 garbage-first heap   total 220160K, used 189913K [0x0000000080000000, 0x0000000100000000)
  region size 1024K, 13 young (13312K), 2 survivors (2048K)
 Metaspace       used 88426K, capacity 91075K, committed 91312K, reserved 1128448K
  class space    used 11427K, capacity 12435K, committed 12544K, reserved 1048576K
}
Event: 279.903 GC heap after
{Heap after GC invocations=200 (full 0):
 garbage-first heap   total 220160K, used 177302K [0x0000000080000000, 0x0000000100000000)
  region size 1024K, 1 young (1024K), 1 survivors (1024K)
 Metaspace       used 88426K, capacity 91075K, committed 91312K, reserved 1128448K
  class space    used 11427K, capacity 12435K, committed 12544K, reserved 1048576K
}
Event: 287.905 GC heap before
{Heap before GC invocations=200 (full 0):
 garbage-first heap   total 220160K, used 189590K [0x0000000080000000, 0x0000000100000000)
  region size 1024K, 13 young (13312K), 1 survivors (1024K)
 Metaspace       used 89940K, capacity 92514K, committed 92720K, reserved 1130496K
  class space    used 11638K, capacity 12571K, committed 12672K, reserved 1048576K
}
Event: 287.965 GC heap after
{Heap after GC invocations=201 (full 0):
 garbage-first heap   total 220160K, used 177607K [0x0000000080000000, 0x0000000100000000)
  region size 1024K, 1 young (1024K), 1 survivors (1024K)
 Metaspace       used 89940K, capacity 92514K, committed 92720K, reserved 1130496K
  class space    used 11638K, capacity 12571K, committed 12672K, reserved 1048576K
}
Event: 292.536 GC heap before
{Heap before GC invocations=202 (full 0):
 garbage-first heap   total 220160K, used 190919K [0x0000000080000000, 0x0000000100000000)
  region size 1024K, 14 young (14336K), 1 survivors (1024K)
 Metaspace       used 91161K, capacity 93666K, committed 93872K, reserved 1130496K
  class space    used 11846K, capacity 12763K, committed 12800K, reserved 1048576K
}
Event: 292.543 GC heap after
{Heap after GC invocations=203 (full 0):
 garbage-first heap   total 220160K, used 177880K [0x0000000080000000, 0x0000000100000000)
  region size 1024K, 1 young (1024K), 1 survivors (1024K)
 Metaspace       used 91161K, capacity 93666K, committed 93872K, reserved 1130496K
  class space    used 11846K, capacity 12763K, committed 12800K, reserved 1048576K
}
Event: 299.589 GC heap before
{Heap before GC invocations=203 (full 0):
 garbage-first heap   total 220160K, used 191192K [0x0000000080000000, 0x0000000100000000)
  region size 1024K, 14 young (14336K), 1 survivors (1024K)
 Metaspace       used 93346K, capacity 95965K, committed 96304K, reserved 1132544K
  class space    used 12099K, capacity 13070K, committed 13184K, reserved 1048576K
}
Event: 299.620 GC heap after
{Heap after GC invocations=204 (full 0):
 garbage-first heap   total 220160K, used 178899K [0x0000000080000000, 0x0000000100000000)
  region size 1024K, 2 young (2048K), 2 survivors (2048K)
 Metaspace       used 93346K, capacity 95965K, committed 96304K, reserved 1132544K
  class space    used 12099K, capacity 13070K, committed 13184K, reserved 1048576K
}
Event: 311.078 GC heap before
{Heap before GC invocations=205 (full 0):
 garbage-first heap   total 220160K, used 191187K [0x0000000080000000, 0x0000000100000000)
  region size 1024K, 15 young (15360K), 2 survivors (2048K)
 Metaspace       used 94492K, capacity 97241K, committed 97456K, reserved 1134592K
  class space    used 12266K, capacity 13276K, committed 13312K, reserved 1048576K
}
Event: 311.132 GC heap after
{Heap after GC invocations=206 (full 0):
 garbage-first heap   total 220160K, used 179561K [0x0000000080000000, 0x0000000100000000)
  region size 1024K, 2 young (2048K), 2 survivors (2048K)
 Metaspace       used 94492K, capacity 97241K, committed 97456K, reserved 1134592K
  class space    used 12266K, capacity 13276K, committed 13312K, reserved 1048576K
}
Event: 323.757 GC heap before
{Heap before GC invocations=206 (full 0):
 garbage-first heap   total 220160K, used 191849K [0x0000000080000000, 0x0000000100000000)
  region size 1024K, 14 young (14336K), 2 survivors (2048K)
 Metaspace       used 95599K, capacity 98481K, committed 98736K, reserved 1134592K
  class space    used 12456K, capacity 13536K, committed 13568K, reserved 1048576K
}
Event: 323.818 GC heap after
{Heap after GC invocations=207 (full 0):
 garbage-first heap   total 220160K, used 180767K [0x0000000080000000, 0x0000000100000000)
  region size 1024K, 2 young (2048K), 2 survivors (2048K)
 Metaspace       used 95599K, capacity 98481K, committed 98736K, reserved 1134592K
  class space    used 12456K, capacity 13536K, committed 13568K, reserved 1048576K
}
Event: 337.410 GC heap before
{Heap before GC invocations=208 (full 0):
 garbage-first heap   total 220160K, used 193055K [0x0000000080000000, 0x0000000100000000)
  region size 1024K, 14 young (14336K), 2 survivors (2048K)
 Metaspace       used 97079K, capacity 99932K, committed 100144K, reserved 1136640K
  class space    used 12608K, capacity 13675K, committed 13696K, reserved 1048576K
}
Event: 337.519 GC heap after
{Heap after GC invocations=209 (full 0):
 garbage-first heap   total 220160K, used 181499K [0x0000000080000000, 0x0000000100000000)
  region size 1024K, 2 young (2048K), 2 survivors (2048K)
 Metaspace       used 97079K, capacity 99932K, committed 100144K, reserved 1136640K
  class space    used 12608K, capacity 13675K, committed 13696K, reserved 1048576K
}
Event: 347.022 GC heap before
{Heap before GC invocations=209 (full 0):
 garbage-first heap   total 220160K, used 191739K [0x0000000080000000, 0x0000000100000000)
  region size 1024K, 13 young (13312K), 2 survivors (2048K)
 Metaspace       used 98652K, capacity 101558K, committed 101808K, reserved 1136640K
  class space    used 12746K, capacity 13809K, committed 13824K, reserved 1048576K
}
Event: 347.284 GC heap after
{Heap after GC invocations=210 (full 0):
 garbage-first heap   total 220160K, used 182190K [0x0000000080000000, 0x0000000100000000)
  region size 1024K, 2 young (2048K), 2 survivors (2048K)
 Metaspace       used 98652K, capacity 101558K, committed 101808K, reserved 1136640K
  class space    used 12746K, capacity 13809K, committed 13824K, reserved 1048576K
}
Event: 351.406 GC heap before
{Heap before GC invocations=211 (full 0):
 garbage-first heap   total 220160K, used 193454K [0x0000000080000000, 0x0000000100000000)
  region size 1024K, 13 young (13312K), 2 survivors (2048K)
 Metaspace       used 98818K, capacity 101714K, committed 101808K, reserved 1136640K
  class space    used 12751K, capacity 13814K, committed 13824K, reserved 1048576K
}
Event: 351.450 GC heap after
{Heap after GC invocations=212 (full 0):
 garbage-first heap   total 220160K, used 184763K [0x0000000080000000, 0x0000000100000000)
  region size 1024K, 2 young (2048K), 2 survivors (2048K)
 Metaspace       used 98818K, capacity 101714K, committed 101808K, reserved 1136640K
  class space    used 12751K, capacity 13814K, committed 13824K, reserved 1048576K
}

